File parmetis-4.0.3.tar.gz already exists and will not be downloaded...
parmetis-4.0.3/
parmetis-4.0.3/build/
parmetis-4.0.3/BUILD.txt
parmetis-4.0.3/Changelog
parmetis-4.0.3/CMakeLists.txt
parmetis-4.0.3/Graphs/
parmetis-4.0.3/include/
parmetis-4.0.3/Install.txt
parmetis-4.0.3/libparmetis/
parmetis-4.0.3/LICENSE.txt
parmetis-4.0.3/Makefile
parmetis-4.0.3/manual/
parmetis-4.0.3/metis/
parmetis-4.0.3/programs/
parmetis-4.0.3/programs/adaptgraph.c
parmetis-4.0.3/programs/CMakeLists.txt
parmetis-4.0.3/programs/io.c
parmetis-4.0.3/programs/mtest.c
parmetis-4.0.3/programs/otest.c
parmetis-4.0.3/programs/parmetis.c
parmetis-4.0.3/programs/parmetisbin.h
parmetis-4.0.3/programs/plotorder.pl
parmetis-4.0.3/programs/pometis.c
parmetis-4.0.3/programs/proto.h
parmetis-4.0.3/programs/ptest.c
parmetis-4.0.3/metis/build/
parmetis-4.0.3/metis/BUILD-Windows.txt
parmetis-4.0.3/metis/BUILD.txt
parmetis-4.0.3/metis/Changelog
parmetis-4.0.3/metis/CMakeLists.txt
parmetis-4.0.3/metis/GKlib/
parmetis-4.0.3/metis/include/
parmetis-4.0.3/metis/Install.txt
parmetis-4.0.3/metis/libmetis/
parmetis-4.0.3/metis/LICENSE.txt
parmetis-4.0.3/metis/Makefile
parmetis-4.0.3/metis/programs/
parmetis-4.0.3/metis/vsgen.bat
parmetis-4.0.3/metis/programs/CMakeLists.txt
parmetis-4.0.3/metis/programs/cmdline_gpmetis.c
parmetis-4.0.3/metis/programs/cmdline_m2gmetis.c
parmetis-4.0.3/metis/programs/cmdline_mpmetis.c
parmetis-4.0.3/metis/programs/cmdline_ndmetis.c
parmetis-4.0.3/metis/programs/cmpfillin.c
parmetis-4.0.3/metis/programs/defs.h
parmetis-4.0.3/metis/programs/gpmetis.c
parmetis-4.0.3/metis/programs/graphchk.c
parmetis-4.0.3/metis/programs/io.c
parmetis-4.0.3/metis/programs/m2gmetis.c
parmetis-4.0.3/metis/programs/metisbin.h
parmetis-4.0.3/metis/programs/mpmetis.c
parmetis-4.0.3/metis/programs/ndmetis.c
parmetis-4.0.3/metis/programs/proto.h
parmetis-4.0.3/metis/programs/smbfactor.c
parmetis-4.0.3/metis/programs/stat.c
parmetis-4.0.3/metis/programs/struct.h
parmetis-4.0.3/metis/libmetis/auxapi.c
parmetis-4.0.3/metis/libmetis/balance.c
parmetis-4.0.3/metis/libmetis/bucketsort.c
parmetis-4.0.3/metis/libmetis/checkgraph.c
parmetis-4.0.3/metis/libmetis/CMakeLists.txt
parmetis-4.0.3/metis/libmetis/coarsen.c
parmetis-4.0.3/metis/libmetis/compress.c
parmetis-4.0.3/metis/libmetis/contig.c
parmetis-4.0.3/metis/libmetis/debug.c
parmetis-4.0.3/metis/libmetis/defs.h
parmetis-4.0.3/metis/libmetis/fm.c
parmetis-4.0.3/metis/libmetis/fortran.c
parmetis-4.0.3/metis/libmetis/frename.c
parmetis-4.0.3/metis/libmetis/gklib.c
parmetis-4.0.3/metis/libmetis/gklib_defs.h
parmetis-4.0.3/metis/libmetis/gklib_rename.h
parmetis-4.0.3/metis/libmetis/graph.c
parmetis-4.0.3/metis/libmetis/initpart.c
parmetis-4.0.3/metis/libmetis/kmetis.c
parmetis-4.0.3/metis/libmetis/kwayfm.c
parmetis-4.0.3/metis/libmetis/kwayrefine.c
parmetis-4.0.3/metis/libmetis/macros.h
parmetis-4.0.3/metis/libmetis/mcutil.c
parmetis-4.0.3/metis/libmetis/mesh.c
parmetis-4.0.3/metis/libmetis/meshpart.c
parmetis-4.0.3/metis/libmetis/metislib.h
parmetis-4.0.3/metis/libmetis/minconn.c
parmetis-4.0.3/metis/libmetis/mincover.c
parmetis-4.0.3/metis/libmetis/mmd.c
parmetis-4.0.3/metis/libmetis/ometis.c
parmetis-4.0.3/metis/libmetis/options.c
parmetis-4.0.3/metis/libmetis/parmetis.c
parmetis-4.0.3/metis/libmetis/pmetis.c
parmetis-4.0.3/metis/libmetis/proto.h
parmetis-4.0.3/metis/libmetis/refine.c
parmetis-4.0.3/metis/libmetis/rename.h
parmetis-4.0.3/metis/libmetis/separator.c
parmetis-4.0.3/metis/libmetis/sfm.c
parmetis-4.0.3/metis/libmetis/srefine.c
parmetis-4.0.3/metis/libmetis/stat.c
parmetis-4.0.3/metis/libmetis/stdheaders.h
parmetis-4.0.3/metis/libmetis/struct.h
parmetis-4.0.3/metis/libmetis/timing.c
parmetis-4.0.3/metis/libmetis/util.c
parmetis-4.0.3/metis/libmetis/wspace.c
parmetis-4.0.3/metis/include/CMakeLists.txt
parmetis-4.0.3/metis/include/metis.h
parmetis-4.0.3/metis/GKlib/b64.c
parmetis-4.0.3/metis/GKlib/blas.c
parmetis-4.0.3/metis/GKlib/BUILD.txt
parmetis-4.0.3/metis/GKlib/CMakeLists.txt
parmetis-4.0.3/metis/GKlib/conf/
parmetis-4.0.3/metis/GKlib/csr.c
parmetis-4.0.3/metis/GKlib/error.c
parmetis-4.0.3/metis/GKlib/evaluate.c
parmetis-4.0.3/metis/GKlib/fkvkselect.c
parmetis-4.0.3/metis/GKlib/fs.c
parmetis-4.0.3/metis/GKlib/getopt.c
parmetis-4.0.3/metis/GKlib/gk_arch.h
parmetis-4.0.3/metis/GKlib/gk_defs.h
parmetis-4.0.3/metis/GKlib/gk_externs.h
parmetis-4.0.3/metis/GKlib/gk_getopt.h
parmetis-4.0.3/metis/GKlib/gk_macros.h
parmetis-4.0.3/metis/GKlib/gk_mkblas.h
parmetis-4.0.3/metis/GKlib/gk_mkmemory.h
parmetis-4.0.3/metis/GKlib/gk_mkpqueue.h
parmetis-4.0.3/metis/GKlib/gk_mkpqueue2.h
parmetis-4.0.3/metis/GKlib/gk_mkrandom.h
parmetis-4.0.3/metis/GKlib/gk_mksort.h
parmetis-4.0.3/metis/GKlib/gk_mkutils.h
parmetis-4.0.3/metis/GKlib/gk_proto.h
parmetis-4.0.3/metis/GKlib/gk_struct.h
parmetis-4.0.3/metis/GKlib/gk_types.h
parmetis-4.0.3/metis/GKlib/GKlib.h
parmetis-4.0.3/metis/GKlib/GKlibSystem.cmake
parmetis-4.0.3/metis/GKlib/gkregex.c
parmetis-4.0.3/metis/GKlib/gkregex.h
parmetis-4.0.3/metis/GKlib/graph.c
parmetis-4.0.3/metis/GKlib/htable.c
parmetis-4.0.3/metis/GKlib/io.c
parmetis-4.0.3/metis/GKlib/itemsets.c
parmetis-4.0.3/metis/GKlib/Makefile
parmetis-4.0.3/metis/GKlib/mcore.c
parmetis-4.0.3/metis/GKlib/memory.c
parmetis-4.0.3/metis/GKlib/ms_inttypes.h
parmetis-4.0.3/metis/GKlib/ms_stat.h
parmetis-4.0.3/metis/GKlib/ms_stdint.h
parmetis-4.0.3/metis/GKlib/omp.c
parmetis-4.0.3/metis/GKlib/pdb.c
parmetis-4.0.3/metis/GKlib/pqueue.c
parmetis-4.0.3/metis/GKlib/random.c
parmetis-4.0.3/metis/GKlib/rw.c
parmetis-4.0.3/metis/GKlib/seq.c
parmetis-4.0.3/metis/GKlib/sort.c
parmetis-4.0.3/metis/GKlib/string.c
parmetis-4.0.3/metis/GKlib/test/
parmetis-4.0.3/metis/GKlib/timers.c
parmetis-4.0.3/metis/GKlib/tokenizer.c
parmetis-4.0.3/metis/GKlib/util.c
parmetis-4.0.3/metis/GKlib/test/CMakeLists.txt
parmetis-4.0.3/metis/GKlib/test/fis.c
parmetis-4.0.3/metis/GKlib/test/gkgraph.c
parmetis-4.0.3/metis/GKlib/test/gksort.c
parmetis-4.0.3/metis/GKlib/test/Makefile.in.old
parmetis-4.0.3/metis/GKlib/test/Makefile.old
parmetis-4.0.3/metis/GKlib/test/rw.c
parmetis-4.0.3/metis/GKlib/test/strings.c
parmetis-4.0.3/metis/GKlib/conf/check_thread_storage.c
parmetis-4.0.3/manual/manual.pdf
parmetis-4.0.3/libparmetis/akwayfm.c
parmetis-4.0.3/libparmetis/ametis.c
parmetis-4.0.3/libparmetis/balancemylink.c
parmetis-4.0.3/libparmetis/CMakeLists.txt
parmetis-4.0.3/libparmetis/comm.c
parmetis-4.0.3/libparmetis/csrmatch.c
parmetis-4.0.3/libparmetis/ctrl.c
parmetis-4.0.3/libparmetis/debug.c
parmetis-4.0.3/libparmetis/defs.h
parmetis-4.0.3/libparmetis/diffutil.c
parmetis-4.0.3/libparmetis/frename.c
parmetis-4.0.3/libparmetis/gkmetis.c
parmetis-4.0.3/libparmetis/gkmpi.c
parmetis-4.0.3/libparmetis/graph.c
parmetis-4.0.3/libparmetis/initbalance.c
parmetis-4.0.3/libparmetis/initmsection.c
parmetis-4.0.3/libparmetis/initpart.c
parmetis-4.0.3/libparmetis/kmetis.c
parmetis-4.0.3/libparmetis/kwayrefine.c
parmetis-4.0.3/libparmetis/macros.h
parmetis-4.0.3/libparmetis/match.c
parmetis-4.0.3/libparmetis/mdiffusion.c
parmetis-4.0.3/libparmetis/mesh.c
parmetis-4.0.3/libparmetis/mmetis.c
parmetis-4.0.3/libparmetis/move.c
parmetis-4.0.3/libparmetis/msetup.c
parmetis-4.0.3/libparmetis/node_refine.c
parmetis-4.0.3/libparmetis/ometis.c
parmetis-4.0.3/libparmetis/parmetislib.h
parmetis-4.0.3/libparmetis/proto.h
parmetis-4.0.3/libparmetis/pspases.c
parmetis-4.0.3/libparmetis/redomylink.c
parmetis-4.0.3/libparmetis/remap.c
parmetis-4.0.3/libparmetis/rename.h
parmetis-4.0.3/libparmetis/renumber.c
parmetis-4.0.3/libparmetis/rmetis.c
parmetis-4.0.3/libparmetis/selectq.c
parmetis-4.0.3/libparmetis/serial.c
parmetis-4.0.3/libparmetis/stat.c
parmetis-4.0.3/libparmetis/struct.h
parmetis-4.0.3/libparmetis/timer.c
parmetis-4.0.3/libparmetis/util.c
parmetis-4.0.3/libparmetis/wave.c
parmetis-4.0.3/libparmetis/weird.c
parmetis-4.0.3/libparmetis/wspace.c
parmetis-4.0.3/libparmetis/xyzpart.c
parmetis-4.0.3/include/CMakeLists.txt
parmetis-4.0.3/include/parmetis.h
parmetis-4.0.3/Graphs/bricks.hex3d
parmetis-4.0.3/Graphs/rotor.graph
parmetis-4.0.3/Graphs/rotor.graph.xyz
rm -rf build/MSYS_NT-10.0-17763-x86_64
mkdir -p build/MSYS_NT-10.0-17763-x86_64
cd build/MSYS_NT-10.0-17763-x86_64 && cmake /c/Users/jdq/Repos/issm/issm/trunk-jpl-working/externalpackages/parmetis/src -DCMAKE_VERBOSE_MAKEFILE=1 -DGKLIB_PATH=/c/Users/jdq/Repos/issm/issm/trunk-jpl-working/externalpackages/metis/install/GKlib -DMETIS_PATH=/c/Users/jdq/Repos/issm/issm/trunk-jpl-working/externalpackages/metis/install -DLOCAL_MSMPI=1 -DMSMPI_ROOT=/c/Users/jdq/Repos/issm/issm/trunk-jpl-working/MSMPI -DCMAKE_INSTALL_PREFIX=/c/Users/jdq/Repos/issm/issm/trunk-jpl-working/externalpackages/parmetis/install -DSHARED=1 -DCMAKE_C_COMPILER=/usr/bin/gcc -DCMAKE_CXX_COMPILER=/usr/bin/g++
CMake Deprecation Warning at CMakeLists.txt:1 (cmake_minimum_required):
  Compatibility with CMake < 2.8.12 will be removed from a future version of
  CMake.

  Update the VERSION argument <min> value or use a ...<max> suffix to tell
  CMake that the project does not need compatibility with older versions.


-- The C compiler identification is GNU 10.2.0
-- The CXX compiler identification is GNU 10.2.0
CMake Warning at /usr/share/cmake-3.19.3/Modules/Platform/MSYS.cmake:15 (message):
  CMake no longer defines WIN32 on MSYS!

  (1) If you are just trying to build this project, ignore this warning or
  quiet it by setting CMAKE_LEGACY_CYGWIN_WIN32=0 in your environment or in
  the CMake cache.  If later configuration or build errors occur then this
  project may have been written under the assumption that MSYS is WIN32.  In
  that case, set CMAKE_LEGACY_CYGWIN_WIN32=1 instead.

  (2) If you are developing this project, add the line

    set(CMAKE_LEGACY_CYGWIN_WIN32 0) # Remove when CMake >= 2.8.4 is required

  at the top of your top-level CMakeLists.txt file or set the minimum
  required version of CMake to 2.8.4 or higher.  Then teach your project to
  build on Cygwin without WIN32.
Call Stack (most recent call first):
  /usr/share/cmake-3.19.3/Modules/CMakeSystemSpecificInformation.cmake:27 (include)
  CMakeLists.txt:2 (project)


-- Detecting C compiler ABI info
-- Detecting C compiler ABI info - done
-- Check for working C compiler: /usr/bin/gcc - skipped
-- Detecting C compile features
-- Detecting C compile features - done
-- Detecting CXX compiler ABI info
-- Detecting CXX compiler ABI info - done
-- Check for working CXX compiler: /usr/bin/g++ - skipped
-- Detecting CXX compile features
-- Detecting CXX compile features - done
-- Looking for execinfo.h
-- Looking for execinfo.h - not found
-- Looking for getline
-- Looking for getline - found
-- checking for thread-local storage - found
-- Found user-supplied METIS: /c/Users/jdq/Repos/issm/issm/trunk-jpl-working/externalpackages/metis/install/lib/libmetis.dll
-- MSMPI: /c/Windows/System32/msmpi.dll
-- Configuring done
-- Generating done
-- Build files have been written to: /c/Users/jdq/Repos/issm/issm/trunk-jpl-working/externalpackages/parmetis/src/build/MSYS_NT-10.0-17763-x86_64
make[1]: warning: -j4 forced in submake: resetting jobserver mode.
make[1]: Entering directory '/c/Users/jdq/Repos/issm/issm/trunk-jpl-working/externalpackages/parmetis/src/build/MSYS_NT-10.0-17763-x86_64'
/usr/bin/cmake.exe -S/c/Users/jdq/Repos/issm/issm/trunk-jpl-working/externalpackages/parmetis/src -B/c/Users/jdq/Repos/issm/issm/trunk-jpl-working/externalpackages/parmetis/src/build/MSYS_NT-10.0-17763-x86_64 --check-build-system CMakeFiles/Makefile.cmake 0
/usr/bin/cmake.exe -E cmake_progress_start /c/Users/jdq/Repos/issm/issm/trunk-jpl-working/externalpackages/parmetis/src/build/MSYS_NT-10.0-17763-x86_64/CMakeFiles /c/Users/jdq/Repos/issm/issm/trunk-jpl-working/externalpackages/parmetis/src/build/MSYS_NT-10.0-17763-x86_64//CMakeFiles/progress.marks
make  -f CMakeFiles/Makefile2 all
make[2]: Entering directory '/c/Users/jdq/Repos/issm/issm/trunk-jpl-working/externalpackages/parmetis/src/build/MSYS_NT-10.0-17763-x86_64'
make  -f libparmetis/CMakeFiles/parmetis.dir/build.make libparmetis/CMakeFiles/parmetis.dir/depend
make[3]: Entering directory '/c/Users/jdq/Repos/issm/issm/trunk-jpl-working/externalpackages/parmetis/src/build/MSYS_NT-10.0-17763-x86_64'
cd /c/Users/jdq/Repos/issm/issm/trunk-jpl-working/externalpackages/parmetis/src/build/MSYS_NT-10.0-17763-x86_64 && /usr/bin/cmake.exe -E cmake_depends "Unix Makefiles" /c/Users/jdq/Repos/issm/issm/trunk-jpl-working/externalpackages/parmetis/src /c/Users/jdq/Repos/issm/issm/trunk-jpl-working/externalpackages/parmetis/src/libparmetis /c/Users/jdq/Repos/issm/issm/trunk-jpl-working/externalpackages/parmetis/src/build/MSYS_NT-10.0-17763-x86_64 /c/Users/jdq/Repos/issm/issm/trunk-jpl-working/externalpackages/parmetis/src/build/MSYS_NT-10.0-17763-x86_64/libparmetis /c/Users/jdq/Repos/issm/issm/trunk-jpl-working/externalpackages/parmetis/src/build/MSYS_NT-10.0-17763-x86_64/libparmetis/CMakeFiles/parmetis.dir/DependInfo.cmake --color=
Scanning dependencies of target parmetis
make[3]: Leaving directory '/c/Users/jdq/Repos/issm/issm/trunk-jpl-working/externalpackages/parmetis/src/build/MSYS_NT-10.0-17763-x86_64'
make  -f libparmetis/CMakeFiles/parmetis.dir/build.make libparmetis/CMakeFiles/parmetis.dir/build
make[3]: Entering directory '/c/Users/jdq/Repos/issm/issm/trunk-jpl-working/externalpackages/parmetis/src/build/MSYS_NT-10.0-17763-x86_64'
[  1%] Building C object libparmetis/CMakeFiles/parmetis.dir/akwayfm.c.o
cd /c/Users/jdq/Repos/issm/issm/trunk-jpl-working/externalpackages/parmetis/src/build/MSYS_NT-10.0-17763-x86_64/libparmetis && /usr/bin/gcc -Dparmetis_EXPORTS -I/c/Users/jdq/Repos/issm/issm/trunk-jpl-working/externalpackages/parmetis/src/include -I/c/Users/jdq/Repos/issm/issm/trunk-jpl-working/externalpackages/metis/install/GKlib -I/c/Users/jdq/Repos/issm/issm/trunk-jpl-working/externalpackages/metis/install/include -I/c/Users/jdq/Repos/issm/issm/trunk-jpl-working/MSMPI/include -I/c/Users/jdq/Repos/issm/issm/trunk-jpl-working/externalpackages/parmetis/src/libparmetis/. -DLINUX -D_FILE_OFFSET_BITS=64 -std=c99 -fno-strict-aliasing -fPIC -Wall -pedantic -Wno-unused-but-set-variable -Wno-unused-variable -Wno-unknown-pragmas -DNDEBUG -DNDEBUG2 -DHAVE_GETLINE -O3 -o CMakeFiles/parmetis.dir/akwayfm.c.o -c /c/Users/jdq/Repos/issm/issm/trunk-jpl-working/externalpackages/parmetis/src/libparmetis/akwayfm.c
[  3%] Building C object libparmetis/CMakeFiles/parmetis.dir/ametis.c.o
cd /c/Users/jdq/Repos/issm/issm/trunk-jpl-working/externalpackages/parmetis/src/build/MSYS_NT-10.0-17763-x86_64/libparmetis && /usr/bin/gcc -Dparmetis_EXPORTS -I/c/Users/jdq/Repos/issm/issm/trunk-jpl-working/externalpackages/parmetis/src/include -I/c/Users/jdq/Repos/issm/issm/trunk-jpl-working/externalpackages/metis/install/GKlib -I/c/Users/jdq/Repos/issm/issm/trunk-jpl-working/externalpackages/metis/install/include -I/c/Users/jdq/Repos/issm/issm/trunk-jpl-working/MSMPI/include -I/c/Users/jdq/Repos/issm/issm/trunk-jpl-working/externalpackages/parmetis/src/libparmetis/. -DLINUX -D_FILE_OFFSET_BITS=64 -std=c99 -fno-strict-aliasing -fPIC -Wall -pedantic -Wno-unused-but-set-variable -Wno-unused-variable -Wno-unknown-pragmas -DNDEBUG -DNDEBUG2 -DHAVE_GETLINE -O3 -o CMakeFiles/parmetis.dir/ametis.c.o -c /c/Users/jdq/Repos/issm/issm/trunk-jpl-working/externalpackages/parmetis/src/libparmetis/ametis.c
[  5%] Building C object libparmetis/CMakeFiles/parmetis.dir/balancemylink.c.o
cd /c/Users/jdq/Repos/issm/issm/trunk-jpl-working/externalpackages/parmetis/src/build/MSYS_NT-10.0-17763-x86_64/libparmetis && /usr/bin/gcc -Dparmetis_EXPORTS -I/c/Users/jdq/Repos/issm/issm/trunk-jpl-working/externalpackages/parmetis/src/include -I/c/Users/jdq/Repos/issm/issm/trunk-jpl-working/externalpackages/metis/install/GKlib -I/c/Users/jdq/Repos/issm/issm/trunk-jpl-working/externalpackages/metis/install/include -I/c/Users/jdq/Repos/issm/issm/trunk-jpl-working/MSMPI/include -I/c/Users/jdq/Repos/issm/issm/trunk-jpl-working/externalpackages/parmetis/src/libparmetis/. -DLINUX -D_FILE_OFFSET_BITS=64 -std=c99 -fno-strict-aliasing -fPIC -Wall -pedantic -Wno-unused-but-set-variable -Wno-unused-variable -Wno-unknown-pragmas -DNDEBUG -DNDEBUG2 -DHAVE_GETLINE -O3 -o CMakeFiles/parmetis.dir/balancemylink.c.o -c /c/Users/jdq/Repos/issm/issm/trunk-jpl-working/externalpackages/parmetis/src/libparmetis/balancemylink.c
[  7%] Building C object libparmetis/CMakeFiles/parmetis.dir/comm.c.o
cd /c/Users/jdq/Repos/issm/issm/trunk-jpl-working/externalpackages/parmetis/src/build/MSYS_NT-10.0-17763-x86_64/libparmetis && /usr/bin/gcc -Dparmetis_EXPORTS -I/c/Users/jdq/Repos/issm/issm/trunk-jpl-working/externalpackages/parmetis/src/include -I/c/Users/jdq/Repos/issm/issm/trunk-jpl-working/externalpackages/metis/install/GKlib -I/c/Users/jdq/Repos/issm/issm/trunk-jpl-working/externalpackages/metis/install/include -I/c/Users/jdq/Repos/issm/issm/trunk-jpl-working/MSMPI/include -I/c/Users/jdq/Repos/issm/issm/trunk-jpl-working/externalpackages/parmetis/src/libparmetis/. -DLINUX -D_FILE_OFFSET_BITS=64 -std=c99 -fno-strict-aliasing -fPIC -Wall -pedantic -Wno-unused-but-set-variable -Wno-unused-variable -Wno-unknown-pragmas -DNDEBUG -DNDEBUG2 -DHAVE_GETLINE -O3 -o CMakeFiles/parmetis.dir/comm.c.o -c /c/Users/jdq/Repos/issm/issm/trunk-jpl-working/externalpackages/parmetis/src/libparmetis/comm.c
/c/Users/jdq/Repos/issm/issm/trunk-jpl-working/externalpackages/parmetis/src/libparmetis/balancemylink.c: In function ‘libparmetis__BalanceMyLink’:
/c/Users/jdq/Repos/issm/issm/trunk-jpl-working/externalpackages/parmetis/src/libparmetis/balancemylink.c:324:5: warning: this ‘if’ clause does not guard... [-Wmisleading-indentation]
  324 |     if (where[i] != home[i])
      |     ^~
/c/Users/jdq/Repos/issm/issm/trunk-jpl-working/externalpackages/parmetis/src/libparmetis/balancemylink.c:327:7: note: ...this statement, but the latter is misleadingly indented as if it were guarded by the ‘if’
  327 |       for (j=xadj[i]; j<xadj[i+1]; j++) {
      |       ^~~
[  9%] Building C object libparmetis/CMakeFiles/parmetis.dir/csrmatch.c.o
cd /c/Users/jdq/Repos/issm/issm/trunk-jpl-working/externalpackages/parmetis/src/build/MSYS_NT-10.0-17763-x86_64/libparmetis && /usr/bin/gcc -Dparmetis_EXPORTS -I/c/Users/jdq/Repos/issm/issm/trunk-jpl-working/externalpackages/parmetis/src/include -I/c/Users/jdq/Repos/issm/issm/trunk-jpl-working/externalpackages/metis/install/GKlib -I/c/Users/jdq/Repos/issm/issm/trunk-jpl-working/externalpackages/metis/install/include -I/c/Users/jdq/Repos/issm/issm/trunk-jpl-working/MSMPI/include -I/c/Users/jdq/Repos/issm/issm/trunk-jpl-working/externalpackages/parmetis/src/libparmetis/. -DLINUX -D_FILE_OFFSET_BITS=64 -std=c99 -fno-strict-aliasing -fPIC -Wall -pedantic -Wno-unused-but-set-variable -Wno-unused-variable -Wno-unknown-pragmas -DNDEBUG -DNDEBUG2 -DHAVE_GETLINE -O3 -o CMakeFiles/parmetis.dir/csrmatch.c.o -c /c/Users/jdq/Repos/issm/issm/trunk-jpl-working/externalpackages/parmetis/src/libparmetis/csrmatch.c
[ 11%] Building C object libparmetis/CMakeFiles/parmetis.dir/ctrl.c.o
cd /c/Users/jdq/Repos/issm/issm/trunk-jpl-working/externalpackages/parmetis/src/build/MSYS_NT-10.0-17763-x86_64/libparmetis && /usr/bin/gcc -Dparmetis_EXPORTS -I/c/Users/jdq/Repos/issm/issm/trunk-jpl-working/externalpackages/parmetis/src/include -I/c/Users/jdq/Repos/issm/issm/trunk-jpl-working/externalpackages/metis/install/GKlib -I/c/Users/jdq/Repos/issm/issm/trunk-jpl-working/externalpackages/metis/install/include -I/c/Users/jdq/Repos/issm/issm/trunk-jpl-working/MSMPI/include -I/c/Users/jdq/Repos/issm/issm/trunk-jpl-working/externalpackages/parmetis/src/libparmetis/. -DLINUX -D_FILE_OFFSET_BITS=64 -std=c99 -fno-strict-aliasing -fPIC -Wall -pedantic -Wno-unused-but-set-variable -Wno-unused-variable -Wno-unknown-pragmas -DNDEBUG -DNDEBUG2 -DHAVE_GETLINE -O3 -o CMakeFiles/parmetis.dir/ctrl.c.o -c /c/Users/jdq/Repos/issm/issm/trunk-jpl-working/externalpackages/parmetis/src/libparmetis/ctrl.c
[ 12%] Building C object libparmetis/CMakeFiles/parmetis.dir/debug.c.o
cd /c/Users/jdq/Repos/issm/issm/trunk-jpl-working/externalpackages/parmetis/src/build/MSYS_NT-10.0-17763-x86_64/libparmetis && /usr/bin/gcc -Dparmetis_EXPORTS -I/c/Users/jdq/Repos/issm/issm/trunk-jpl-working/externalpackages/parmetis/src/include -I/c/Users/jdq/Repos/issm/issm/trunk-jpl-working/externalpackages/metis/install/GKlib -I/c/Users/jdq/Repos/issm/issm/trunk-jpl-working/externalpackages/metis/install/include -I/c/Users/jdq/Repos/issm/issm/trunk-jpl-working/MSMPI/include -I/c/Users/jdq/Repos/issm/issm/trunk-jpl-working/externalpackages/parmetis/src/libparmetis/. -DLINUX -D_FILE_OFFSET_BITS=64 -std=c99 -fno-strict-aliasing -fPIC -Wall -pedantic -Wno-unused-but-set-variable -Wno-unused-variable -Wno-unknown-pragmas -DNDEBUG -DNDEBUG2 -DHAVE_GETLINE -O3 -o CMakeFiles/parmetis.dir/debug.c.o -c /c/Users/jdq/Repos/issm/issm/trunk-jpl-working/externalpackages/parmetis/src/libparmetis/debug.c
[ 14%] Building C object libparmetis/CMakeFiles/parmetis.dir/diffutil.c.o
cd /c/Users/jdq/Repos/issm/issm/trunk-jpl-working/externalpackages/parmetis/src/build/MSYS_NT-10.0-17763-x86_64/libparmetis && /usr/bin/gcc -Dparmetis_EXPORTS -I/c/Users/jdq/Repos/issm/issm/trunk-jpl-working/externalpackages/parmetis/src/include -I/c/Users/jdq/Repos/issm/issm/trunk-jpl-working/externalpackages/metis/install/GKlib -I/c/Users/jdq/Repos/issm/issm/trunk-jpl-working/externalpackages/metis/install/include -I/c/Users/jdq/Repos/issm/issm/trunk-jpl-working/MSMPI/include -I/c/Users/jdq/Repos/issm/issm/trunk-jpl-working/externalpackages/parmetis/src/libparmetis/. -DLINUX -D_FILE_OFFSET_BITS=64 -std=c99 -fno-strict-aliasing -fPIC -Wall -pedantic -Wno-unused-but-set-variable -Wno-unused-variable -Wno-unknown-pragmas -DNDEBUG -DNDEBUG2 -DHAVE_GETLINE -O3 -o CMakeFiles/parmetis.dir/diffutil.c.o -c /c/Users/jdq/Repos/issm/issm/trunk-jpl-working/externalpackages/parmetis/src/libparmetis/diffutil.c
[ 16%] Building C object libparmetis/CMakeFiles/parmetis.dir/frename.c.o
cd /c/Users/jdq/Repos/issm/issm/trunk-jpl-working/externalpackages/parmetis/src/build/MSYS_NT-10.0-17763-x86_64/libparmetis && /usr/bin/gcc -Dparmetis_EXPORTS -I/c/Users/jdq/Repos/issm/issm/trunk-jpl-working/externalpackages/parmetis/src/include -I/c/Users/jdq/Repos/issm/issm/trunk-jpl-working/externalpackages/metis/install/GKlib -I/c/Users/jdq/Repos/issm/issm/trunk-jpl-working/externalpackages/metis/install/include -I/c/Users/jdq/Repos/issm/issm/trunk-jpl-working/MSMPI/include -I/c/Users/jdq/Repos/issm/issm/trunk-jpl-working/externalpackages/parmetis/src/libparmetis/. -DLINUX -D_FILE_OFFSET_BITS=64 -std=c99 -fno-strict-aliasing -fPIC -Wall -pedantic -Wno-unused-but-set-variable -Wno-unused-variable -Wno-unknown-pragmas -DNDEBUG -DNDEBUG2 -DHAVE_GETLINE -O3 -o CMakeFiles/parmetis.dir/frename.c.o -c /c/Users/jdq/Repos/issm/issm/trunk-jpl-working/externalpackages/parmetis/src/libparmetis/frename.c
[ 18%] Building C object libparmetis/CMakeFiles/parmetis.dir/gkmetis.c.o
cd /c/Users/jdq/Repos/issm/issm/trunk-jpl-working/externalpackages/parmetis/src/build/MSYS_NT-10.0-17763-x86_64/libparmetis && /usr/bin/gcc -Dparmetis_EXPORTS -I/c/Users/jdq/Repos/issm/issm/trunk-jpl-working/externalpackages/parmetis/src/include -I/c/Users/jdq/Repos/issm/issm/trunk-jpl-working/externalpackages/metis/install/GKlib -I/c/Users/jdq/Repos/issm/issm/trunk-jpl-working/externalpackages/metis/install/include -I/c/Users/jdq/Repos/issm/issm/trunk-jpl-working/MSMPI/include -I/c/Users/jdq/Repos/issm/issm/trunk-jpl-working/externalpackages/parmetis/src/libparmetis/. -DLINUX -D_FILE_OFFSET_BITS=64 -std=c99 -fno-strict-aliasing -fPIC -Wall -pedantic -Wno-unused-but-set-variable -Wno-unused-variable -Wno-unknown-pragmas -DNDEBUG -DNDEBUG2 -DHAVE_GETLINE -O3 -o CMakeFiles/parmetis.dir/gkmetis.c.o -c /c/Users/jdq/Repos/issm/issm/trunk-jpl-working/externalpackages/parmetis/src/libparmetis/gkmetis.c
[ 20%] Building C object libparmetis/CMakeFiles/parmetis.dir/gkmpi.c.o
cd /c/Users/jdq/Repos/issm/issm/trunk-jpl-working/externalpackages/parmetis/src/build/MSYS_NT-10.0-17763-x86_64/libparmetis && /usr/bin/gcc -Dparmetis_EXPORTS -I/c/Users/jdq/Repos/issm/issm/trunk-jpl-working/externalpackages/parmetis/src/include -I/c/Users/jdq/Repos/issm/issm/trunk-jpl-working/externalpackages/metis/install/GKlib -I/c/Users/jdq/Repos/issm/issm/trunk-jpl-working/externalpackages/metis/install/include -I/c/Users/jdq/Repos/issm/issm/trunk-jpl-working/MSMPI/include -I/c/Users/jdq/Repos/issm/issm/trunk-jpl-working/externalpackages/parmetis/src/libparmetis/. -DLINUX -D_FILE_OFFSET_BITS=64 -std=c99 -fno-strict-aliasing -fPIC -Wall -pedantic -Wno-unused-but-set-variable -Wno-unused-variable -Wno-unknown-pragmas -DNDEBUG -DNDEBUG2 -DHAVE_GETLINE -O3 -o CMakeFiles/parmetis.dir/gkmpi.c.o -c /c/Users/jdq/Repos/issm/issm/trunk-jpl-working/externalpackages/parmetis/src/libparmetis/gkmpi.c
[ 22%] Building C object libparmetis/CMakeFiles/parmetis.dir/graph.c.o
[ 24%] Building C object libparmetis/CMakeFiles/parmetis.dir/initbalance.c.o
cd /c/Users/jdq/Repos/issm/issm/trunk-jpl-working/externalpackages/parmetis/src/build/MSYS_NT-10.0-17763-x86_64/libparmetis && /usr/bin/gcc -Dparmetis_EXPORTS -I/c/Users/jdq/Repos/issm/issm/trunk-jpl-working/externalpackages/parmetis/src/include -I/c/Users/jdq/Repos/issm/issm/trunk-jpl-working/externalpackages/metis/install/GKlib -I/c/Users/jdq/Repos/issm/issm/trunk-jpl-working/externalpackages/metis/install/include -I/c/Users/jdq/Repos/issm/issm/trunk-jpl-working/MSMPI/include -I/c/Users/jdq/Repos/issm/issm/trunk-jpl-working/externalpackages/parmetis/src/libparmetis/. -DLINUX -D_FILE_OFFSET_BITS=64 -std=c99 -fno-strict-aliasing -fPIC -Wall -pedantic -Wno-unused-but-set-variable -Wno-unused-variable -Wno-unknown-pragmas -DNDEBUG -DNDEBUG2 -DHAVE_GETLINE -O3 -o CMakeFiles/parmetis.dir/graph.c.o -c /c/Users/jdq/Repos/issm/issm/trunk-jpl-working/externalpackages/parmetis/src/libparmetis/graph.c
cd /c/Users/jdq/Repos/issm/issm/trunk-jpl-working/externalpackages/parmetis/src/build/MSYS_NT-10.0-17763-x86_64/libparmetis && /usr/bin/gcc -Dparmetis_EXPORTS -I/c/Users/jdq/Repos/issm/issm/trunk-jpl-working/externalpackages/parmetis/src/include -I/c/Users/jdq/Repos/issm/issm/trunk-jpl-working/externalpackages/metis/install/GKlib -I/c/Users/jdq/Repos/issm/issm/trunk-jpl-working/externalpackages/metis/install/include -I/c/Users/jdq/Repos/issm/issm/trunk-jpl-working/MSMPI/include -I/c/Users/jdq/Repos/issm/issm/trunk-jpl-working/externalpackages/parmetis/src/libparmetis/. -DLINUX -D_FILE_OFFSET_BITS=64 -std=c99 -fno-strict-aliasing -fPIC -Wall -pedantic -Wno-unused-but-set-variable -Wno-unused-variable -Wno-unknown-pragmas -DNDEBUG -DNDEBUG2 -DHAVE_GETLINE -O3 -o CMakeFiles/parmetis.dir/initbalance.c.o -c /c/Users/jdq/Repos/issm/issm/trunk-jpl-working/externalpackages/parmetis/src/libparmetis/initbalance.c
[ 25%] Building C object libparmetis/CMakeFiles/parmetis.dir/initmsection.c.o
cd /c/Users/jdq/Repos/issm/issm/trunk-jpl-working/externalpackages/parmetis/src/build/MSYS_NT-10.0-17763-x86_64/libparmetis && /usr/bin/gcc -Dparmetis_EXPORTS -I/c/Users/jdq/Repos/issm/issm/trunk-jpl-working/externalpackages/parmetis/src/include -I/c/Users/jdq/Repos/issm/issm/trunk-jpl-working/externalpackages/metis/install/GKlib -I/c/Users/jdq/Repos/issm/issm/trunk-jpl-working/externalpackages/metis/install/include -I/c/Users/jdq/Repos/issm/issm/trunk-jpl-working/MSMPI/include -I/c/Users/jdq/Repos/issm/issm/trunk-jpl-working/externalpackages/parmetis/src/libparmetis/. -DLINUX -D_FILE_OFFSET_BITS=64 -std=c99 -fno-strict-aliasing -fPIC -Wall -pedantic -Wno-unused-but-set-variable -Wno-unused-variable -Wno-unknown-pragmas -DNDEBUG -DNDEBUG2 -DHAVE_GETLINE -O3 -o CMakeFiles/parmetis.dir/initmsection.c.o -c /c/Users/jdq/Repos/issm/issm/trunk-jpl-working/externalpackages/parmetis/src/libparmetis/initmsection.c
[ 27%] Building C object libparmetis/CMakeFiles/parmetis.dir/initpart.c.o
cd /c/Users/jdq/Repos/issm/issm/trunk-jpl-working/externalpackages/parmetis/src/build/MSYS_NT-10.0-17763-x86_64/libparmetis && /usr/bin/gcc -Dparmetis_EXPORTS -I/c/Users/jdq/Repos/issm/issm/trunk-jpl-working/externalpackages/parmetis/src/include -I/c/Users/jdq/Repos/issm/issm/trunk-jpl-working/externalpackages/metis/install/GKlib -I/c/Users/jdq/Repos/issm/issm/trunk-jpl-working/externalpackages/metis/install/include -I/c/Users/jdq/Repos/issm/issm/trunk-jpl-working/MSMPI/include -I/c/Users/jdq/Repos/issm/issm/trunk-jpl-working/externalpackages/parmetis/src/libparmetis/. -DLINUX -D_FILE_OFFSET_BITS=64 -std=c99 -fno-strict-aliasing -fPIC -Wall -pedantic -Wno-unused-but-set-variable -Wno-unused-variable -Wno-unknown-pragmas -DNDEBUG -DNDEBUG2 -DHAVE_GETLINE -O3 -o CMakeFiles/parmetis.dir/initpart.c.o -c /c/Users/jdq/Repos/issm/issm/trunk-jpl-working/externalpackages/parmetis/src/libparmetis/initpart.c
[ 29%] Building C object libparmetis/CMakeFiles/parmetis.dir/kmetis.c.o
cd /c/Users/jdq/Repos/issm/issm/trunk-jpl-working/externalpackages/parmetis/src/build/MSYS_NT-10.0-17763-x86_64/libparmetis && /usr/bin/gcc -Dparmetis_EXPORTS -I/c/Users/jdq/Repos/issm/issm/trunk-jpl-working/externalpackages/parmetis/src/include -I/c/Users/jdq/Repos/issm/issm/trunk-jpl-working/externalpackages/metis/install/GKlib -I/c/Users/jdq/Repos/issm/issm/trunk-jpl-working/externalpackages/metis/install/include -I/c/Users/jdq/Repos/issm/issm/trunk-jpl-working/MSMPI/include -I/c/Users/jdq/Repos/issm/issm/trunk-jpl-working/externalpackages/parmetis/src/libparmetis/. -DLINUX -D_FILE_OFFSET_BITS=64 -std=c99 -fno-strict-aliasing -fPIC -Wall -pedantic -Wno-unused-but-set-variable -Wno-unused-variable -Wno-unknown-pragmas -DNDEBUG -DNDEBUG2 -DHAVE_GETLINE -O3 -o CMakeFiles/parmetis.dir/kmetis.c.o -c /c/Users/jdq/Repos/issm/issm/trunk-jpl-working/externalpackages/parmetis/src/libparmetis/kmetis.c
[ 31%] Building C object libparmetis/CMakeFiles/parmetis.dir/kwayrefine.c.o
cd /c/Users/jdq/Repos/issm/issm/trunk-jpl-working/externalpackages/parmetis/src/build/MSYS_NT-10.0-17763-x86_64/libparmetis && /usr/bin/gcc -Dparmetis_EXPORTS -I/c/Users/jdq/Repos/issm/issm/trunk-jpl-working/externalpackages/parmetis/src/include -I/c/Users/jdq/Repos/issm/issm/trunk-jpl-working/externalpackages/metis/install/GKlib -I/c/Users/jdq/Repos/issm/issm/trunk-jpl-working/externalpackages/metis/install/include -I/c/Users/jdq/Repos/issm/issm/trunk-jpl-working/MSMPI/include -I/c/Users/jdq/Repos/issm/issm/trunk-jpl-working/externalpackages/parmetis/src/libparmetis/. -DLINUX -D_FILE_OFFSET_BITS=64 -std=c99 -fno-strict-aliasing -fPIC -Wall -pedantic -Wno-unused-but-set-variable -Wno-unused-variable -Wno-unknown-pragmas -DNDEBUG -DNDEBUG2 -DHAVE_GETLINE -O3 -o CMakeFiles/parmetis.dir/kwayrefine.c.o -c /c/Users/jdq/Repos/issm/issm/trunk-jpl-working/externalpackages/parmetis/src/libparmetis/kwayrefine.c
[ 33%] Building C object libparmetis/CMakeFiles/parmetis.dir/match.c.o
cd /c/Users/jdq/Repos/issm/issm/trunk-jpl-working/externalpackages/parmetis/src/build/MSYS_NT-10.0-17763-x86_64/libparmetis && /usr/bin/gcc -Dparmetis_EXPORTS -I/c/Users/jdq/Repos/issm/issm/trunk-jpl-working/externalpackages/parmetis/src/include -I/c/Users/jdq/Repos/issm/issm/trunk-jpl-working/externalpackages/metis/install/GKlib -I/c/Users/jdq/Repos/issm/issm/trunk-jpl-working/externalpackages/metis/install/include -I/c/Users/jdq/Repos/issm/issm/trunk-jpl-working/MSMPI/include -I/c/Users/jdq/Repos/issm/issm/trunk-jpl-working/externalpackages/parmetis/src/libparmetis/. -DLINUX -D_FILE_OFFSET_BITS=64 -std=c99 -fno-strict-aliasing -fPIC -Wall -pedantic -Wno-unused-but-set-variable -Wno-unused-variable -Wno-unknown-pragmas -DNDEBUG -DNDEBUG2 -DHAVE_GETLINE -O3 -o CMakeFiles/parmetis.dir/match.c.o -c /c/Users/jdq/Repos/issm/issm/trunk-jpl-working/externalpackages/parmetis/src/libparmetis/match.c
[ 35%] Building C object libparmetis/CMakeFiles/parmetis.dir/mdiffusion.c.o
cd /c/Users/jdq/Repos/issm/issm/trunk-jpl-working/externalpackages/parmetis/src/build/MSYS_NT-10.0-17763-x86_64/libparmetis && /usr/bin/gcc -Dparmetis_EXPORTS -I/c/Users/jdq/Repos/issm/issm/trunk-jpl-working/externalpackages/parmetis/src/include -I/c/Users/jdq/Repos/issm/issm/trunk-jpl-working/externalpackages/metis/install/GKlib -I/c/Users/jdq/Repos/issm/issm/trunk-jpl-working/externalpackages/metis/install/include -I/c/Users/jdq/Repos/issm/issm/trunk-jpl-working/MSMPI/include -I/c/Users/jdq/Repos/issm/issm/trunk-jpl-working/externalpackages/parmetis/src/libparmetis/. -DLINUX -D_FILE_OFFSET_BITS=64 -std=c99 -fno-strict-aliasing -fPIC -Wall -pedantic -Wno-unused-but-set-variable -Wno-unused-variable -Wno-unknown-pragmas -DNDEBUG -DNDEBUG2 -DHAVE_GETLINE -O3 -o CMakeFiles/parmetis.dir/mdiffusion.c.o -c /c/Users/jdq/Repos/issm/issm/trunk-jpl-working/externalpackages/parmetis/src/libparmetis/mdiffusion.c
[ 37%] Building C object libparmetis/CMakeFiles/parmetis.dir/mesh.c.o
cd /c/Users/jdq/Repos/issm/issm/trunk-jpl-working/externalpackages/parmetis/src/build/MSYS_NT-10.0-17763-x86_64/libparmetis && /usr/bin/gcc -Dparmetis_EXPORTS -I/c/Users/jdq/Repos/issm/issm/trunk-jpl-working/externalpackages/parmetis/src/include -I/c/Users/jdq/Repos/issm/issm/trunk-jpl-working/externalpackages/metis/install/GKlib -I/c/Users/jdq/Repos/issm/issm/trunk-jpl-working/externalpackages/metis/install/include -I/c/Users/jdq/Repos/issm/issm/trunk-jpl-working/MSMPI/include -I/c/Users/jdq/Repos/issm/issm/trunk-jpl-working/externalpackages/parmetis/src/libparmetis/. -DLINUX -D_FILE_OFFSET_BITS=64 -std=c99 -fno-strict-aliasing -fPIC -Wall -pedantic -Wno-unused-but-set-variable -Wno-unused-variable -Wno-unknown-pragmas -DNDEBUG -DNDEBUG2 -DHAVE_GETLINE -O3 -o CMakeFiles/parmetis.dir/mesh.c.o -c /c/Users/jdq/Repos/issm/issm/trunk-jpl-working/externalpackages/parmetis/src/libparmetis/mesh.c
[ 38%] Building C object libparmetis/CMakeFiles/parmetis.dir/mmetis.c.o
cd /c/Users/jdq/Repos/issm/issm/trunk-jpl-working/externalpackages/parmetis/src/build/MSYS_NT-10.0-17763-x86_64/libparmetis && /usr/bin/gcc -Dparmetis_EXPORTS -I/c/Users/jdq/Repos/issm/issm/trunk-jpl-working/externalpackages/parmetis/src/include -I/c/Users/jdq/Repos/issm/issm/trunk-jpl-working/externalpackages/metis/install/GKlib -I/c/Users/jdq/Repos/issm/issm/trunk-jpl-working/externalpackages/metis/install/include -I/c/Users/jdq/Repos/issm/issm/trunk-jpl-working/MSMPI/include -I/c/Users/jdq/Repos/issm/issm/trunk-jpl-working/externalpackages/parmetis/src/libparmetis/. -DLINUX -D_FILE_OFFSET_BITS=64 -std=c99 -fno-strict-aliasing -fPIC -Wall -pedantic -Wno-unused-but-set-variable -Wno-unused-variable -Wno-unknown-pragmas -DNDEBUG -DNDEBUG2 -DHAVE_GETLINE -O3 -o CMakeFiles/parmetis.dir/mmetis.c.o -c /c/Users/jdq/Repos/issm/issm/trunk-jpl-working/externalpackages/parmetis/src/libparmetis/mmetis.c
[ 40%] Building C object libparmetis/CMakeFiles/parmetis.dir/move.c.o
cd /c/Users/jdq/Repos/issm/issm/trunk-jpl-working/externalpackages/parmetis/src/build/MSYS_NT-10.0-17763-x86_64/libparmetis && /usr/bin/gcc -Dparmetis_EXPORTS -I/c/Users/jdq/Repos/issm/issm/trunk-jpl-working/externalpackages/parmetis/src/include -I/c/Users/jdq/Repos/issm/issm/trunk-jpl-working/externalpackages/metis/install/GKlib -I/c/Users/jdq/Repos/issm/issm/trunk-jpl-working/externalpackages/metis/install/include -I/c/Users/jdq/Repos/issm/issm/trunk-jpl-working/MSMPI/include -I/c/Users/jdq/Repos/issm/issm/trunk-jpl-working/externalpackages/parmetis/src/libparmetis/. -DLINUX -D_FILE_OFFSET_BITS=64 -std=c99 -fno-strict-aliasing -fPIC -Wall -pedantic -Wno-unused-but-set-variable -Wno-unused-variable -Wno-unknown-pragmas -DNDEBUG -DNDEBUG2 -DHAVE_GETLINE -O3 -o CMakeFiles/parmetis.dir/move.c.o -c /c/Users/jdq/Repos/issm/issm/trunk-jpl-working/externalpackages/parmetis/src/libparmetis/move.c
[ 42%] Building C object libparmetis/CMakeFiles/parmetis.dir/msetup.c.o
cd /c/Users/jdq/Repos/issm/issm/trunk-jpl-working/externalpackages/parmetis/src/build/MSYS_NT-10.0-17763-x86_64/libparmetis && /usr/bin/gcc -Dparmetis_EXPORTS -I/c/Users/jdq/Repos/issm/issm/trunk-jpl-working/externalpackages/parmetis/src/include -I/c/Users/jdq/Repos/issm/issm/trunk-jpl-working/externalpackages/metis/install/GKlib -I/c/Users/jdq/Repos/issm/issm/trunk-jpl-working/externalpackages/metis/install/include -I/c/Users/jdq/Repos/issm/issm/trunk-jpl-working/MSMPI/include -I/c/Users/jdq/Repos/issm/issm/trunk-jpl-working/externalpackages/parmetis/src/libparmetis/. -DLINUX -D_FILE_OFFSET_BITS=64 -std=c99 -fno-strict-aliasing -fPIC -Wall -pedantic -Wno-unused-but-set-variable -Wno-unused-variable -Wno-unknown-pragmas -DNDEBUG -DNDEBUG2 -DHAVE_GETLINE -O3 -o CMakeFiles/parmetis.dir/msetup.c.o -c /c/Users/jdq/Repos/issm/issm/trunk-jpl-working/externalpackages/parmetis/src/libparmetis/msetup.c
[ 44%] Building C object libparmetis/CMakeFiles/parmetis.dir/node_refine.c.o
cd /c/Users/jdq/Repos/issm/issm/trunk-jpl-working/externalpackages/parmetis/src/build/MSYS_NT-10.0-17763-x86_64/libparmetis && /usr/bin/gcc -Dparmetis_EXPORTS -I/c/Users/jdq/Repos/issm/issm/trunk-jpl-working/externalpackages/parmetis/src/include -I/c/Users/jdq/Repos/issm/issm/trunk-jpl-working/externalpackages/metis/install/GKlib -I/c/Users/jdq/Repos/issm/issm/trunk-jpl-working/externalpackages/metis/install/include -I/c/Users/jdq/Repos/issm/issm/trunk-jpl-working/MSMPI/include -I/c/Users/jdq/Repos/issm/issm/trunk-jpl-working/externalpackages/parmetis/src/libparmetis/. -DLINUX -D_FILE_OFFSET_BITS=64 -std=c99 -fno-strict-aliasing -fPIC -Wall -pedantic -Wno-unused-but-set-variable -Wno-unused-variable -Wno-unknown-pragmas -DNDEBUG -DNDEBUG2 -DHAVE_GETLINE -O3 -o CMakeFiles/parmetis.dir/node_refine.c.o -c /c/Users/jdq/Repos/issm/issm/trunk-jpl-working/externalpackages/parmetis/src/libparmetis/node_refine.c
[ 46%] Building C object libparmetis/CMakeFiles/parmetis.dir/ometis.c.o
cd /c/Users/jdq/Repos/issm/issm/trunk-jpl-working/externalpackages/parmetis/src/build/MSYS_NT-10.0-17763-x86_64/libparmetis && /usr/bin/gcc -Dparmetis_EXPORTS -I/c/Users/jdq/Repos/issm/issm/trunk-jpl-working/externalpackages/parmetis/src/include -I/c/Users/jdq/Repos/issm/issm/trunk-jpl-working/externalpackages/metis/install/GKlib -I/c/Users/jdq/Repos/issm/issm/trunk-jpl-working/externalpackages/metis/install/include -I/c/Users/jdq/Repos/issm/issm/trunk-jpl-working/MSMPI/include -I/c/Users/jdq/Repos/issm/issm/trunk-jpl-working/externalpackages/parmetis/src/libparmetis/. -DLINUX -D_FILE_OFFSET_BITS=64 -std=c99 -fno-strict-aliasing -fPIC -Wall -pedantic -Wno-unused-but-set-variable -Wno-unused-variable -Wno-unknown-pragmas -DNDEBUG -DNDEBUG2 -DHAVE_GETLINE -O3 -o CMakeFiles/parmetis.dir/ometis.c.o -c /c/Users/jdq/Repos/issm/issm/trunk-jpl-working/externalpackages/parmetis/src/libparmetis/ometis.c
[ 48%] Building C object libparmetis/CMakeFiles/parmetis.dir/pspases.c.o
cd /c/Users/jdq/Repos/issm/issm/trunk-jpl-working/externalpackages/parmetis/src/build/MSYS_NT-10.0-17763-x86_64/libparmetis && /usr/bin/gcc -Dparmetis_EXPORTS -I/c/Users/jdq/Repos/issm/issm/trunk-jpl-working/externalpackages/parmetis/src/include -I/c/Users/jdq/Repos/issm/issm/trunk-jpl-working/externalpackages/metis/install/GKlib -I/c/Users/jdq/Repos/issm/issm/trunk-jpl-working/externalpackages/metis/install/include -I/c/Users/jdq/Repos/issm/issm/trunk-jpl-working/MSMPI/include -I/c/Users/jdq/Repos/issm/issm/trunk-jpl-working/externalpackages/parmetis/src/libparmetis/. -DLINUX -D_FILE_OFFSET_BITS=64 -std=c99 -fno-strict-aliasing -fPIC -Wall -pedantic -Wno-unused-but-set-variable -Wno-unused-variable -Wno-unknown-pragmas -DNDEBUG -DNDEBUG2 -DHAVE_GETLINE -O3 -o CMakeFiles/parmetis.dir/pspases.c.o -c /c/Users/jdq/Repos/issm/issm/trunk-jpl-working/externalpackages/parmetis/src/libparmetis/pspases.c
[ 50%] Building C object libparmetis/CMakeFiles/parmetis.dir/redomylink.c.o
cd /c/Users/jdq/Repos/issm/issm/trunk-jpl-working/externalpackages/parmetis/src/build/MSYS_NT-10.0-17763-x86_64/libparmetis && /usr/bin/gcc -Dparmetis_EXPORTS -I/c/Users/jdq/Repos/issm/issm/trunk-jpl-working/externalpackages/parmetis/src/include -I/c/Users/jdq/Repos/issm/issm/trunk-jpl-working/externalpackages/metis/install/GKlib -I/c/Users/jdq/Repos/issm/issm/trunk-jpl-working/externalpackages/metis/install/include -I/c/Users/jdq/Repos/issm/issm/trunk-jpl-working/MSMPI/include -I/c/Users/jdq/Repos/issm/issm/trunk-jpl-working/externalpackages/parmetis/src/libparmetis/. -DLINUX -D_FILE_OFFSET_BITS=64 -std=c99 -fno-strict-aliasing -fPIC -Wall -pedantic -Wno-unused-but-set-variable -Wno-unused-variable -Wno-unknown-pragmas -DNDEBUG -DNDEBUG2 -DHAVE_GETLINE -O3 -o CMakeFiles/parmetis.dir/redomylink.c.o -c /c/Users/jdq/Repos/issm/issm/trunk-jpl-working/externalpackages/parmetis/src/libparmetis/redomylink.c
[ 51%] Building C object libparmetis/CMakeFiles/parmetis.dir/remap.c.o
[ 53%] Building C object libparmetis/CMakeFiles/parmetis.dir/renumber.c.o
cd /c/Users/jdq/Repos/issm/issm/trunk-jpl-working/externalpackages/parmetis/src/build/MSYS_NT-10.0-17763-x86_64/libparmetis && /usr/bin/gcc -Dparmetis_EXPORTS -I/c/Users/jdq/Repos/issm/issm/trunk-jpl-working/externalpackages/parmetis/src/include -I/c/Users/jdq/Repos/issm/issm/trunk-jpl-working/externalpackages/metis/install/GKlib -I/c/Users/jdq/Repos/issm/issm/trunk-jpl-working/externalpackages/metis/install/include -I/c/Users/jdq/Repos/issm/issm/trunk-jpl-working/MSMPI/include -I/c/Users/jdq/Repos/issm/issm/trunk-jpl-working/externalpackages/parmetis/src/libparmetis/. -DLINUX -D_FILE_OFFSET_BITS=64 -std=c99 -fno-strict-aliasing -fPIC -Wall -pedantic -Wno-unused-but-set-variable -Wno-unused-variable -Wno-unknown-pragmas -DNDEBUG -DNDEBUG2 -DHAVE_GETLINE -O3 -o CMakeFiles/parmetis.dir/renumber.c.o -c /c/Users/jdq/Repos/issm/issm/trunk-jpl-working/externalpackages/parmetis/src/libparmetis/renumber.c
[ 55%] Building C object libparmetis/CMakeFiles/parmetis.dir/rmetis.c.o
cd /c/Users/jdq/Repos/issm/issm/trunk-jpl-working/externalpackages/parmetis/src/build/MSYS_NT-10.0-17763-x86_64/libparmetis && /usr/bin/gcc -Dparmetis_EXPORTS -I/c/Users/jdq/Repos/issm/issm/trunk-jpl-working/externalpackages/parmetis/src/include -I/c/Users/jdq/Repos/issm/issm/trunk-jpl-working/externalpackages/metis/install/GKlib -I/c/Users/jdq/Repos/issm/issm/trunk-jpl-working/externalpackages/metis/install/include -I/c/Users/jdq/Repos/issm/issm/trunk-jpl-working/MSMPI/include -I/c/Users/jdq/Repos/issm/issm/trunk-jpl-working/externalpackages/parmetis/src/libparmetis/. -DLINUX -D_FILE_OFFSET_BITS=64 -std=c99 -fno-strict-aliasing -fPIC -Wall -pedantic -Wno-unused-but-set-variable -Wno-unused-variable -Wno-unknown-pragmas -DNDEBUG -DNDEBUG2 -DHAVE_GETLINE -O3 -o CMakeFiles/parmetis.dir/remap.c.o -c /c/Users/jdq/Repos/issm/issm/trunk-jpl-working/externalpackages/parmetis/src/libparmetis/remap.c
cd /c/Users/jdq/Repos/issm/issm/trunk-jpl-working/externalpackages/parmetis/src/build/MSYS_NT-10.0-17763-x86_64/libparmetis && /usr/bin/gcc -Dparmetis_EXPORTS -I/c/Users/jdq/Repos/issm/issm/trunk-jpl-working/externalpackages/parmetis/src/include -I/c/Users/jdq/Repos/issm/issm/trunk-jpl-working/externalpackages/metis/install/GKlib -I/c/Users/jdq/Repos/issm/issm/trunk-jpl-working/externalpackages/metis/install/include -I/c/Users/jdq/Repos/issm/issm/trunk-jpl-working/MSMPI/include -I/c/Users/jdq/Repos/issm/issm/trunk-jpl-working/externalpackages/parmetis/src/libparmetis/. -DLINUX -D_FILE_OFFSET_BITS=64 -std=c99 -fno-strict-aliasing -fPIC -Wall -pedantic -Wno-unused-but-set-variable -Wno-unused-variable -Wno-unknown-pragmas -DNDEBUG -DNDEBUG2 -DHAVE_GETLINE -O3 -o CMakeFiles/parmetis.dir/rmetis.c.o -c /c/Users/jdq/Repos/issm/issm/trunk-jpl-working/externalpackages/parmetis/src/libparmetis/rmetis.c
[ 57%] Building C object libparmetis/CMakeFiles/parmetis.dir/selectq.c.o
cd /c/Users/jdq/Repos/issm/issm/trunk-jpl-working/externalpackages/parmetis/src/build/MSYS_NT-10.0-17763-x86_64/libparmetis && /usr/bin/gcc -Dparmetis_EXPORTS -I/c/Users/jdq/Repos/issm/issm/trunk-jpl-working/externalpackages/parmetis/src/include -I/c/Users/jdq/Repos/issm/issm/trunk-jpl-working/externalpackages/metis/install/GKlib -I/c/Users/jdq/Repos/issm/issm/trunk-jpl-working/externalpackages/metis/install/include -I/c/Users/jdq/Repos/issm/issm/trunk-jpl-working/MSMPI/include -I/c/Users/jdq/Repos/issm/issm/trunk-jpl-working/externalpackages/parmetis/src/libparmetis/. -DLINUX -D_FILE_OFFSET_BITS=64 -std=c99 -fno-strict-aliasing -fPIC -Wall -pedantic -Wno-unused-but-set-variable -Wno-unused-variable -Wno-unknown-pragmas -DNDEBUG -DNDEBUG2 -DHAVE_GETLINE -O3 -o CMakeFiles/parmetis.dir/selectq.c.o -c /c/Users/jdq/Repos/issm/issm/trunk-jpl-working/externalpackages/parmetis/src/libparmetis/selectq.c
[ 59%] Building C object libparmetis/CMakeFiles/parmetis.dir/serial.c.o
cd /c/Users/jdq/Repos/issm/issm/trunk-jpl-working/externalpackages/parmetis/src/build/MSYS_NT-10.0-17763-x86_64/libparmetis && /usr/bin/gcc -Dparmetis_EXPORTS -I/c/Users/jdq/Repos/issm/issm/trunk-jpl-working/externalpackages/parmetis/src/include -I/c/Users/jdq/Repos/issm/issm/trunk-jpl-working/externalpackages/metis/install/GKlib -I/c/Users/jdq/Repos/issm/issm/trunk-jpl-working/externalpackages/metis/install/include -I/c/Users/jdq/Repos/issm/issm/trunk-jpl-working/MSMPI/include -I/c/Users/jdq/Repos/issm/issm/trunk-jpl-working/externalpackages/parmetis/src/libparmetis/. -DLINUX -D_FILE_OFFSET_BITS=64 -std=c99 -fno-strict-aliasing -fPIC -Wall -pedantic -Wno-unused-but-set-variable -Wno-unused-variable -Wno-unknown-pragmas -DNDEBUG -DNDEBUG2 -DHAVE_GETLINE -O3 -o CMakeFiles/parmetis.dir/serial.c.o -c /c/Users/jdq/Repos/issm/issm/trunk-jpl-working/externalpackages/parmetis/src/libparmetis/serial.c
[ 61%] Building C object libparmetis/CMakeFiles/parmetis.dir/stat.c.o
cd /c/Users/jdq/Repos/issm/issm/trunk-jpl-working/externalpackages/parmetis/src/build/MSYS_NT-10.0-17763-x86_64/libparmetis && /usr/bin/gcc -Dparmetis_EXPORTS -I/c/Users/jdq/Repos/issm/issm/trunk-jpl-working/externalpackages/parmetis/src/include -I/c/Users/jdq/Repos/issm/issm/trunk-jpl-working/externalpackages/metis/install/GKlib -I/c/Users/jdq/Repos/issm/issm/trunk-jpl-working/externalpackages/metis/install/include -I/c/Users/jdq/Repos/issm/issm/trunk-jpl-working/MSMPI/include -I/c/Users/jdq/Repos/issm/issm/trunk-jpl-working/externalpackages/parmetis/src/libparmetis/. -DLINUX -D_FILE_OFFSET_BITS=64 -std=c99 -fno-strict-aliasing -fPIC -Wall -pedantic -Wno-unused-but-set-variable -Wno-unused-variable -Wno-unknown-pragmas -DNDEBUG -DNDEBUG2 -DHAVE_GETLINE -O3 -o CMakeFiles/parmetis.dir/stat.c.o -c /c/Users/jdq/Repos/issm/issm/trunk-jpl-working/externalpackages/parmetis/src/libparmetis/stat.c
[ 62%] Building C object libparmetis/CMakeFiles/parmetis.dir/timer.c.o
cd /c/Users/jdq/Repos/issm/issm/trunk-jpl-working/externalpackages/parmetis/src/build/MSYS_NT-10.0-17763-x86_64/libparmetis && /usr/bin/gcc -Dparmetis_EXPORTS -I/c/Users/jdq/Repos/issm/issm/trunk-jpl-working/externalpackages/parmetis/src/include -I/c/Users/jdq/Repos/issm/issm/trunk-jpl-working/externalpackages/metis/install/GKlib -I/c/Users/jdq/Repos/issm/issm/trunk-jpl-working/externalpackages/metis/install/include -I/c/Users/jdq/Repos/issm/issm/trunk-jpl-working/MSMPI/include -I/c/Users/jdq/Repos/issm/issm/trunk-jpl-working/externalpackages/parmetis/src/libparmetis/. -DLINUX -D_FILE_OFFSET_BITS=64 -std=c99 -fno-strict-aliasing -fPIC -Wall -pedantic -Wno-unused-but-set-variable -Wno-unused-variable -Wno-unknown-pragmas -DNDEBUG -DNDEBUG2 -DHAVE_GETLINE -O3 -o CMakeFiles/parmetis.dir/timer.c.o -c /c/Users/jdq/Repos/issm/issm/trunk-jpl-working/externalpackages/parmetis/src/libparmetis/timer.c
[ 64%] Building C object libparmetis/CMakeFiles/parmetis.dir/util.c.o
cd /c/Users/jdq/Repos/issm/issm/trunk-jpl-working/externalpackages/parmetis/src/build/MSYS_NT-10.0-17763-x86_64/libparmetis && /usr/bin/gcc -Dparmetis_EXPORTS -I/c/Users/jdq/Repos/issm/issm/trunk-jpl-working/externalpackages/parmetis/src/include -I/c/Users/jdq/Repos/issm/issm/trunk-jpl-working/externalpackages/metis/install/GKlib -I/c/Users/jdq/Repos/issm/issm/trunk-jpl-working/externalpackages/metis/install/include -I/c/Users/jdq/Repos/issm/issm/trunk-jpl-working/MSMPI/include -I/c/Users/jdq/Repos/issm/issm/trunk-jpl-working/externalpackages/parmetis/src/libparmetis/. -DLINUX -D_FILE_OFFSET_BITS=64 -std=c99 -fno-strict-aliasing -fPIC -Wall -pedantic -Wno-unused-but-set-variable -Wno-unused-variable -Wno-unknown-pragmas -DNDEBUG -DNDEBUG2 -DHAVE_GETLINE -O3 -o CMakeFiles/parmetis.dir/util.c.o -c /c/Users/jdq/Repos/issm/issm/trunk-jpl-working/externalpackages/parmetis/src/libparmetis/util.c
[ 66%] Building C object libparmetis/CMakeFiles/parmetis.dir/wave.c.o
cd /c/Users/jdq/Repos/issm/issm/trunk-jpl-working/externalpackages/parmetis/src/build/MSYS_NT-10.0-17763-x86_64/libparmetis && /usr/bin/gcc -Dparmetis_EXPORTS -I/c/Users/jdq/Repos/issm/issm/trunk-jpl-working/externalpackages/parmetis/src/include -I/c/Users/jdq/Repos/issm/issm/trunk-jpl-working/externalpackages/metis/install/GKlib -I/c/Users/jdq/Repos/issm/issm/trunk-jpl-working/externalpackages/metis/install/include -I/c/Users/jdq/Repos/issm/issm/trunk-jpl-working/MSMPI/include -I/c/Users/jdq/Repos/issm/issm/trunk-jpl-working/externalpackages/parmetis/src/libparmetis/. -DLINUX -D_FILE_OFFSET_BITS=64 -std=c99 -fno-strict-aliasing -fPIC -Wall -pedantic -Wno-unused-but-set-variable -Wno-unused-variable -Wno-unknown-pragmas -DNDEBUG -DNDEBUG2 -DHAVE_GETLINE -O3 -o CMakeFiles/parmetis.dir/wave.c.o -c /c/Users/jdq/Repos/issm/issm/trunk-jpl-working/externalpackages/parmetis/src/libparmetis/wave.c
[ 68%] Building C object libparmetis/CMakeFiles/parmetis.dir/weird.c.o
cd /c/Users/jdq/Repos/issm/issm/trunk-jpl-working/externalpackages/parmetis/src/build/MSYS_NT-10.0-17763-x86_64/libparmetis && /usr/bin/gcc -Dparmetis_EXPORTS -I/c/Users/jdq/Repos/issm/issm/trunk-jpl-working/externalpackages/parmetis/src/include -I/c/Users/jdq/Repos/issm/issm/trunk-jpl-working/externalpackages/metis/install/GKlib -I/c/Users/jdq/Repos/issm/issm/trunk-jpl-working/externalpackages/metis/install/include -I/c/Users/jdq/Repos/issm/issm/trunk-jpl-working/MSMPI/include -I/c/Users/jdq/Repos/issm/issm/trunk-jpl-working/externalpackages/parmetis/src/libparmetis/. -DLINUX -D_FILE_OFFSET_BITS=64 -std=c99 -fno-strict-aliasing -fPIC -Wall -pedantic -Wno-unused-but-set-variable -Wno-unused-variable -Wno-unknown-pragmas -DNDEBUG -DNDEBUG2 -DHAVE_GETLINE -O3 -o CMakeFiles/parmetis.dir/weird.c.o -c /c/Users/jdq/Repos/issm/issm/trunk-jpl-working/externalpackages/parmetis/src/libparmetis/weird.c
/c/Users/jdq/Repos/issm/issm/trunk-jpl-working/externalpackages/parmetis/src/libparmetis/wave.c: In function ‘libparmetis__WavefrontDiffusion’:
/c/Users/jdq/Repos/issm/issm/trunk-jpl-working/externalpackages/parmetis/src/libparmetis/wave.c:253:1: warning: label ‘CleanUpAndExit’ defined but not used [-Wunused-label]
  253 | CleanUpAndExit:
      | ^~~~~~~~~~~~~~
[ 70%] Building C object libparmetis/CMakeFiles/parmetis.dir/wspace.c.o
cd /c/Users/jdq/Repos/issm/issm/trunk-jpl-working/externalpackages/parmetis/src/build/MSYS_NT-10.0-17763-x86_64/libparmetis && /usr/bin/gcc -Dparmetis_EXPORTS -I/c/Users/jdq/Repos/issm/issm/trunk-jpl-working/externalpackages/parmetis/src/include -I/c/Users/jdq/Repos/issm/issm/trunk-jpl-working/externalpackages/metis/install/GKlib -I/c/Users/jdq/Repos/issm/issm/trunk-jpl-working/externalpackages/metis/install/include -I/c/Users/jdq/Repos/issm/issm/trunk-jpl-working/MSMPI/include -I/c/Users/jdq/Repos/issm/issm/trunk-jpl-working/externalpackages/parmetis/src/libparmetis/. -DLINUX -D_FILE_OFFSET_BITS=64 -std=c99 -fno-strict-aliasing -fPIC -Wall -pedantic -Wno-unused-but-set-variable -Wno-unused-variable -Wno-unknown-pragmas -DNDEBUG -DNDEBUG2 -DHAVE_GETLINE -O3 -o CMakeFiles/parmetis.dir/wspace.c.o -c /c/Users/jdq/Repos/issm/issm/trunk-jpl-working/externalpackages/parmetis/src/libparmetis/wspace.c
[ 72%] Building C object libparmetis/CMakeFiles/parmetis.dir/xyzpart.c.o
cd /c/Users/jdq/Repos/issm/issm/trunk-jpl-working/externalpackages/parmetis/src/build/MSYS_NT-10.0-17763-x86_64/libparmetis && /usr/bin/gcc -Dparmetis_EXPORTS -I/c/Users/jdq/Repos/issm/issm/trunk-jpl-working/externalpackages/parmetis/src/include -I/c/Users/jdq/Repos/issm/issm/trunk-jpl-working/externalpackages/metis/install/GKlib -I/c/Users/jdq/Repos/issm/issm/trunk-jpl-working/externalpackages/metis/install/include -I/c/Users/jdq/Repos/issm/issm/trunk-jpl-working/MSMPI/include -I/c/Users/jdq/Repos/issm/issm/trunk-jpl-working/externalpackages/parmetis/src/libparmetis/. -DLINUX -D_FILE_OFFSET_BITS=64 -std=c99 -fno-strict-aliasing -fPIC -Wall -pedantic -Wno-unused-but-set-variable -Wno-unused-variable -Wno-unknown-pragmas -DNDEBUG -DNDEBUG2 -DHAVE_GETLINE -O3 -o CMakeFiles/parmetis.dir/xyzpart.c.o -c /c/Users/jdq/Repos/issm/issm/trunk-jpl-working/externalpackages/parmetis/src/libparmetis/xyzpart.c
[ 74%] Linking C shared library msys-parmetis.dll
cd /c/Users/jdq/Repos/issm/issm/trunk-jpl-working/externalpackages/parmetis/src/build/MSYS_NT-10.0-17763-x86_64/libparmetis && /usr/bin/cmake.exe -E cmake_link_script CMakeFiles/parmetis.dir/link.txt --verbose=1
/usr/bin/gcc  -DLINUX -D_FILE_OFFSET_BITS=64 -std=c99 -fno-strict-aliasing -fPIC -Wall -pedantic -Wno-unused-but-set-variable -Wno-unused-variable -Wno-unknown-pragmas -DNDEBUG -DNDEBUG2 -DHAVE_GETLINE -O3 -shared -Wl,--enable-auto-import -o msys-parmetis.dll -Wl,--out-implib,libparmetis.dll.a -Wl,--major-image-version,0,--minor-image-version,0 CMakeFiles/parmetis.dir/akwayfm.c.o CMakeFiles/parmetis.dir/ametis.c.o CMakeFiles/parmetis.dir/balancemylink.c.o CMakeFiles/parmetis.dir/comm.c.o CMakeFiles/parmetis.dir/csrmatch.c.o CMakeFiles/parmetis.dir/ctrl.c.o CMakeFiles/parmetis.dir/debug.c.o CMakeFiles/parmetis.dir/diffutil.c.o CMakeFiles/parmetis.dir/frename.c.o CMakeFiles/parmetis.dir/gkmetis.c.o CMakeFiles/parmetis.dir/gkmpi.c.o CMakeFiles/parmetis.dir/graph.c.o CMakeFiles/parmetis.dir/initbalance.c.o CMakeFiles/parmetis.dir/initmsection.c.o CMakeFiles/parmetis.dir/initpart.c.o CMakeFiles/parmetis.dir/kmetis.c.o CMakeFiles/parmetis.dir/kwayrefine.c.o CMakeFiles/parmetis.dir/match.c.o CMakeFiles/parmetis.dir/mdiffusion.c.o CMakeFiles/parmetis.dir/mesh.c.o CMakeFiles/parmetis.dir/mmetis.c.o CMakeFiles/parmetis.dir/move.c.o CMakeFiles/parmetis.dir/msetup.c.o CMakeFiles/parmetis.dir/node_refine.c.o CMakeFiles/parmetis.dir/ometis.c.o CMakeFiles/parmetis.dir/pspases.c.o CMakeFiles/parmetis.dir/redomylink.c.o CMakeFiles/parmetis.dir/remap.c.o CMakeFiles/parmetis.dir/renumber.c.o CMakeFiles/parmetis.dir/rmetis.c.o CMakeFiles/parmetis.dir/selectq.c.o CMakeFiles/parmetis.dir/serial.c.o CMakeFiles/parmetis.dir/stat.c.o CMakeFiles/parmetis.dir/timer.c.o CMakeFiles/parmetis.dir/util.c.o CMakeFiles/parmetis.dir/wave.c.o CMakeFiles/parmetis.dir/weird.c.o CMakeFiles/parmetis.dir/wspace.c.o CMakeFiles/parmetis.dir/xyzpart.c.o  -lmetis /c/Windows/System32/msmpi.dll 
make[3]: Leaving directory '/c/Users/jdq/Repos/issm/issm/trunk-jpl-working/externalpackages/parmetis/src/build/MSYS_NT-10.0-17763-x86_64'
[ 74%] Built target parmetis
make  -f programs/CMakeFiles/pometis.dir/build.make programs/CMakeFiles/pometis.dir/depend
make  -f programs/CMakeFiles/parmetis_prog.dir/build.make programs/CMakeFiles/parmetis_prog.dir/depend
make  -f programs/CMakeFiles/mtest.dir/build.make programs/CMakeFiles/mtest.dir/depend
make  -f programs/CMakeFiles/ptest.dir/build.make programs/CMakeFiles/ptest.dir/depend
make[3]: Entering directory '/c/Users/jdq/Repos/issm/issm/trunk-jpl-working/externalpackages/parmetis/src/build/MSYS_NT-10.0-17763-x86_64'
cd /c/Users/jdq/Repos/issm/issm/trunk-jpl-working/externalpackages/parmetis/src/build/MSYS_NT-10.0-17763-x86_64 && /usr/bin/cmake.exe -E cmake_depends "Unix Makefiles" /c/Users/jdq/Repos/issm/issm/trunk-jpl-working/externalpackages/parmetis/src /c/Users/jdq/Repos/issm/issm/trunk-jpl-working/externalpackages/parmetis/src/programs /c/Users/jdq/Repos/issm/issm/trunk-jpl-working/externalpackages/parmetis/src/build/MSYS_NT-10.0-17763-x86_64 /c/Users/jdq/Repos/issm/issm/trunk-jpl-working/externalpackages/parmetis/src/build/MSYS_NT-10.0-17763-x86_64/programs /c/Users/jdq/Repos/issm/issm/trunk-jpl-working/externalpackages/parmetis/src/build/MSYS_NT-10.0-17763-x86_64/programs/CMakeFiles/pometis.dir/DependInfo.cmake --color=
make[3]: Entering directory '/c/Users/jdq/Repos/issm/issm/trunk-jpl-working/externalpackages/parmetis/src/build/MSYS_NT-10.0-17763-x86_64'
cd /c/Users/jdq/Repos/issm/issm/trunk-jpl-working/externalpackages/parmetis/src/build/MSYS_NT-10.0-17763-x86_64 && /usr/bin/cmake.exe -E cmake_depends "Unix Makefiles" /c/Users/jdq/Repos/issm/issm/trunk-jpl-working/externalpackages/parmetis/src /c/Users/jdq/Repos/issm/issm/trunk-jpl-working/externalpackages/parmetis/src/programs /c/Users/jdq/Repos/issm/issm/trunk-jpl-working/externalpackages/parmetis/src/build/MSYS_NT-10.0-17763-x86_64 /c/Users/jdq/Repos/issm/issm/trunk-jpl-working/externalpackages/parmetis/src/build/MSYS_NT-10.0-17763-x86_64/programs /c/Users/jdq/Repos/issm/issm/trunk-jpl-working/externalpackages/parmetis/src/build/MSYS_NT-10.0-17763-x86_64/programs/CMakeFiles/parmetis_prog.dir/DependInfo.cmake --color=
make[3]: Entering directory '/c/Users/jdq/Repos/issm/issm/trunk-jpl-working/externalpackages/parmetis/src/build/MSYS_NT-10.0-17763-x86_64'
cd /c/Users/jdq/Repos/issm/issm/trunk-jpl-working/externalpackages/parmetis/src/build/MSYS_NT-10.0-17763-x86_64 && /usr/bin/cmake.exe -E cmake_depends "Unix Makefiles" /c/Users/jdq/Repos/issm/issm/trunk-jpl-working/externalpackages/parmetis/src /c/Users/jdq/Repos/issm/issm/trunk-jpl-working/externalpackages/parmetis/src/programs /c/Users/jdq/Repos/issm/issm/trunk-jpl-working/externalpackages/parmetis/src/build/MSYS_NT-10.0-17763-x86_64 /c/Users/jdq/Repos/issm/issm/trunk-jpl-working/externalpackages/parmetis/src/build/MSYS_NT-10.0-17763-x86_64/programs /c/Users/jdq/Repos/issm/issm/trunk-jpl-working/externalpackages/parmetis/src/build/MSYS_NT-10.0-17763-x86_64/programs/CMakeFiles/mtest.dir/DependInfo.cmake --color=
make[3]: Entering directory '/c/Users/jdq/Repos/issm/issm/trunk-jpl-working/externalpackages/parmetis/src/build/MSYS_NT-10.0-17763-x86_64'
cd /c/Users/jdq/Repos/issm/issm/trunk-jpl-working/externalpackages/parmetis/src/build/MSYS_NT-10.0-17763-x86_64 && /usr/bin/cmake.exe -E cmake_depends "Unix Makefiles" /c/Users/jdq/Repos/issm/issm/trunk-jpl-working/externalpackages/parmetis/src /c/Users/jdq/Repos/issm/issm/trunk-jpl-working/externalpackages/parmetis/src/programs /c/Users/jdq/Repos/issm/issm/trunk-jpl-working/externalpackages/parmetis/src/build/MSYS_NT-10.0-17763-x86_64 /c/Users/jdq/Repos/issm/issm/trunk-jpl-working/externalpackages/parmetis/src/build/MSYS_NT-10.0-17763-x86_64/programs /c/Users/jdq/Repos/issm/issm/trunk-jpl-working/externalpackages/parmetis/src/build/MSYS_NT-10.0-17763-x86_64/programs/CMakeFiles/ptest.dir/DependInfo.cmake --color=
Scanning dependencies of target pometis
make[3]: Leaving directory '/c/Users/jdq/Repos/issm/issm/trunk-jpl-working/externalpackages/parmetis/src/build/MSYS_NT-10.0-17763-x86_64'
Scanning dependencies of target mtest
make  -f programs/CMakeFiles/pometis.dir/build.make programs/CMakeFiles/pometis.dir/build
make[3]: Leaving directory '/c/Users/jdq/Repos/issm/issm/trunk-jpl-working/externalpackages/parmetis/src/build/MSYS_NT-10.0-17763-x86_64'
Scanning dependencies of target parmetis_prog
make[3]: Leaving directory '/c/Users/jdq/Repos/issm/issm/trunk-jpl-working/externalpackages/parmetis/src/build/MSYS_NT-10.0-17763-x86_64'
make  -f programs/CMakeFiles/mtest.dir/build.make programs/CMakeFiles/mtest.dir/build
Scanning dependencies of target ptest
make  -f programs/CMakeFiles/parmetis_prog.dir/build.make programs/CMakeFiles/parmetis_prog.dir/build
make[3]: Leaving directory '/c/Users/jdq/Repos/issm/issm/trunk-jpl-working/externalpackages/parmetis/src/build/MSYS_NT-10.0-17763-x86_64'
make[3]: Entering directory '/c/Users/jdq/Repos/issm/issm/trunk-jpl-working/externalpackages/parmetis/src/build/MSYS_NT-10.0-17763-x86_64'
make[3]: Entering directory '/c/Users/jdq/Repos/issm/issm/trunk-jpl-working/externalpackages/parmetis/src/build/MSYS_NT-10.0-17763-x86_64'
make  -f programs/CMakeFiles/ptest.dir/build.make programs/CMakeFiles/ptest.dir/build
make[3]: Entering directory '/c/Users/jdq/Repos/issm/issm/trunk-jpl-working/externalpackages/parmetis/src/build/MSYS_NT-10.0-17763-x86_64'
make[3]: Entering directory '/c/Users/jdq/Repos/issm/issm/trunk-jpl-working/externalpackages/parmetis/src/build/MSYS_NT-10.0-17763-x86_64'
[ 75%] Building C object programs/CMakeFiles/pometis.dir/pometis.c.o
cd /c/Users/jdq/Repos/issm/issm/trunk-jpl-working/externalpackages/parmetis/src/build/MSYS_NT-10.0-17763-x86_64/programs && /usr/bin/gcc  -I/c/Users/jdq/Repos/issm/issm/trunk-jpl-working/externalpackages/parmetis/src/include -I/c/Users/jdq/Repos/issm/issm/trunk-jpl-working/externalpackages/metis/install/GKlib -I/c/Users/jdq/Repos/issm/issm/trunk-jpl-working/externalpackages/metis/install/include -I/c/Users/jdq/Repos/issm/issm/trunk-jpl-working/MSMPI/include -I/c/Users/jdq/Repos/issm/issm/trunk-jpl-working/externalpackages/parmetis/src/programs/. -DLINUX -D_FILE_OFFSET_BITS=64 -std=c99 -fno-strict-aliasing -fPIC -Wall -pedantic -Wno-unused-but-set-variable -Wno-unused-variable -Wno-unknown-pragmas -DNDEBUG -DNDEBUG2 -DHAVE_GETLINE -O3 -o CMakeFiles/pometis.dir/pometis.c.o -c /c/Users/jdq/Repos/issm/issm/trunk-jpl-working/externalpackages/parmetis/src/programs/pometis.c
[ 77%] Building C object programs/CMakeFiles/mtest.dir/mtest.c.o
cd /c/Users/jdq/Repos/issm/issm/trunk-jpl-working/externalpackages/parmetis/src/build/MSYS_NT-10.0-17763-x86_64/programs && /usr/bin/gcc  -I/c/Users/jdq/Repos/issm/issm/trunk-jpl-working/externalpackages/parmetis/src/include -I/c/Users/jdq/Repos/issm/issm/trunk-jpl-working/externalpackages/metis/install/GKlib -I/c/Users/jdq/Repos/issm/issm/trunk-jpl-working/externalpackages/metis/install/include -I/c/Users/jdq/Repos/issm/issm/trunk-jpl-working/MSMPI/include -I/c/Users/jdq/Repos/issm/issm/trunk-jpl-working/externalpackages/parmetis/src/programs/. -DLINUX -D_FILE_OFFSET_BITS=64 -std=c99 -fno-strict-aliasing -fPIC -Wall -pedantic -Wno-unused-but-set-variable -Wno-unused-variable -Wno-unknown-pragmas -DNDEBUG -DNDEBUG2 -DHAVE_GETLINE -O3 -o CMakeFiles/mtest.dir/mtest.c.o -c /c/Users/jdq/Repos/issm/issm/trunk-jpl-working/externalpackages/parmetis/src/programs/mtest.c
[ 79%] Building C object programs/CMakeFiles/ptest.dir/ptest.c.o
cd /c/Users/jdq/Repos/issm/issm/trunk-jpl-working/externalpackages/parmetis/src/build/MSYS_NT-10.0-17763-x86_64/programs && /usr/bin/gcc  -I/c/Users/jdq/Repos/issm/issm/trunk-jpl-working/externalpackages/parmetis/src/include -I/c/Users/jdq/Repos/issm/issm/trunk-jpl-working/externalpackages/metis/install/GKlib -I/c/Users/jdq/Repos/issm/issm/trunk-jpl-working/externalpackages/metis/install/include -I/c/Users/jdq/Repos/issm/issm/trunk-jpl-working/MSMPI/include -I/c/Users/jdq/Repos/issm/issm/trunk-jpl-working/externalpackages/parmetis/src/programs/. -DLINUX -D_FILE_OFFSET_BITS=64 -std=c99 -fno-strict-aliasing -fPIC -Wall -pedantic -Wno-unused-but-set-variable -Wno-unused-variable -Wno-unknown-pragmas -DNDEBUG -DNDEBUG2 -DHAVE_GETLINE -O3 -o CMakeFiles/ptest.dir/ptest.c.o -c /c/Users/jdq/Repos/issm/issm/trunk-jpl-working/externalpackages/parmetis/src/programs/ptest.c
[ 81%] Building C object programs/CMakeFiles/parmetis_prog.dir/parmetis.c.o
cd /c/Users/jdq/Repos/issm/issm/trunk-jpl-working/externalpackages/parmetis/src/build/MSYS_NT-10.0-17763-x86_64/programs && /usr/bin/gcc  -I/c/Users/jdq/Repos/issm/issm/trunk-jpl-working/externalpackages/parmetis/src/include -I/c/Users/jdq/Repos/issm/issm/trunk-jpl-working/externalpackages/metis/install/GKlib -I/c/Users/jdq/Repos/issm/issm/trunk-jpl-working/externalpackages/metis/install/include -I/c/Users/jdq/Repos/issm/issm/trunk-jpl-working/MSMPI/include -I/c/Users/jdq/Repos/issm/issm/trunk-jpl-working/externalpackages/parmetis/src/programs/. -DLINUX -D_FILE_OFFSET_BITS=64 -std=c99 -fno-strict-aliasing -fPIC -Wall -pedantic -Wno-unused-but-set-variable -Wno-unused-variable -Wno-unknown-pragmas -DNDEBUG -DNDEBUG2 -DHAVE_GETLINE -O3 -o CMakeFiles/parmetis_prog.dir/parmetis.c.o -c /c/Users/jdq/Repos/issm/issm/trunk-jpl-working/externalpackages/parmetis/src/programs/parmetis.c
/c/Users/jdq/Repos/issm/issm/trunk-jpl-working/externalpackages/parmetis/src/programs/ptest.c: In function ‘TestParMetis_GPart’:
/c/Users/jdq/Repos/issm/issm/trunk-jpl-working/externalpackages/parmetis/src/programs/ptest.c:166:5: warning: this ‘if’ clause does not guard... [-Wmisleading-indentation]
  166 |     if (mype == 0)
      |     ^~
/c/Users/jdq/Repos/issm/issm/trunk-jpl-working/externalpackages/parmetis/src/programs/ptest.c:169:7: note: ...this statement, but the latter is misleadingly indented as if it were guarded by the ‘if’
  169 |       ParMETIS_V3_PartGeom(graph.vtxdist, &ndims, xyz, part, &comm);
      |       ^~~~~~~~~~~~~~~~~~~~
[ 83%] Building C object programs/CMakeFiles/pometis.dir/io.c.o
cd /c/Users/jdq/Repos/issm/issm/trunk-jpl-working/externalpackages/parmetis/src/build/MSYS_NT-10.0-17763-x86_64/programs && /usr/bin/gcc  -I/c/Users/jdq/Repos/issm/issm/trunk-jpl-working/externalpackages/parmetis/src/include -I/c/Users/jdq/Repos/issm/issm/trunk-jpl-working/externalpackages/metis/install/GKlib -I/c/Users/jdq/Repos/issm/issm/trunk-jpl-working/externalpackages/metis/install/include -I/c/Users/jdq/Repos/issm/issm/trunk-jpl-working/MSMPI/include -I/c/Users/jdq/Repos/issm/issm/trunk-jpl-working/externalpackages/parmetis/src/programs/. -DLINUX -D_FILE_OFFSET_BITS=64 -std=c99 -fno-strict-aliasing -fPIC -Wall -pedantic -Wno-unused-but-set-variable -Wno-unused-variable -Wno-unknown-pragmas -DNDEBUG -DNDEBUG2 -DHAVE_GETLINE -O3 -o CMakeFiles/pometis.dir/io.c.o -c /c/Users/jdq/Repos/issm/issm/trunk-jpl-working/externalpackages/parmetis/src/programs/io.c
[ 85%] Building C object programs/CMakeFiles/mtest.dir/io.c.o
cd /c/Users/jdq/Repos/issm/issm/trunk-jpl-working/externalpackages/parmetis/src/build/MSYS_NT-10.0-17763-x86_64/programs && /usr/bin/gcc  -I/c/Users/jdq/Repos/issm/issm/trunk-jpl-working/externalpackages/parmetis/src/include -I/c/Users/jdq/Repos/issm/issm/trunk-jpl-working/externalpackages/metis/install/GKlib -I/c/Users/jdq/Repos/issm/issm/trunk-jpl-working/externalpackages/metis/install/include -I/c/Users/jdq/Repos/issm/issm/trunk-jpl-working/MSMPI/include -I/c/Users/jdq/Repos/issm/issm/trunk-jpl-working/externalpackages/parmetis/src/programs/. -DLINUX -D_FILE_OFFSET_BITS=64 -std=c99 -fno-strict-aliasing -fPIC -Wall -pedantic -Wno-unused-but-set-variable -Wno-unused-variable -Wno-unknown-pragmas -DNDEBUG -DNDEBUG2 -DHAVE_GETLINE -O3 -o CMakeFiles/mtest.dir/io.c.o -c /c/Users/jdq/Repos/issm/issm/trunk-jpl-working/externalpackages/parmetis/src/programs/io.c
[ 87%] Building C object programs/CMakeFiles/parmetis_prog.dir/io.c.o
cd /c/Users/jdq/Repos/issm/issm/trunk-jpl-working/externalpackages/parmetis/src/build/MSYS_NT-10.0-17763-x86_64/programs && /usr/bin/gcc  -I/c/Users/jdq/Repos/issm/issm/trunk-jpl-working/externalpackages/parmetis/src/include -I/c/Users/jdq/Repos/issm/issm/trunk-jpl-working/externalpackages/metis/install/GKlib -I/c/Users/jdq/Repos/issm/issm/trunk-jpl-working/externalpackages/metis/install/include -I/c/Users/jdq/Repos/issm/issm/trunk-jpl-working/MSMPI/include -I/c/Users/jdq/Repos/issm/issm/trunk-jpl-working/externalpackages/parmetis/src/programs/. -DLINUX -D_FILE_OFFSET_BITS=64 -std=c99 -fno-strict-aliasing -fPIC -Wall -pedantic -Wno-unused-but-set-variable -Wno-unused-variable -Wno-unknown-pragmas -DNDEBUG -DNDEBUG2 -DHAVE_GETLINE -O3 -o CMakeFiles/parmetis_prog.dir/io.c.o -c /c/Users/jdq/Repos/issm/issm/trunk-jpl-working/externalpackages/parmetis/src/programs/io.c
[ 88%] Building C object programs/CMakeFiles/ptest.dir/io.c.o
cd /c/Users/jdq/Repos/issm/issm/trunk-jpl-working/externalpackages/parmetis/src/build/MSYS_NT-10.0-17763-x86_64/programs && /usr/bin/gcc  -I/c/Users/jdq/Repos/issm/issm/trunk-jpl-working/externalpackages/parmetis/src/include -I/c/Users/jdq/Repos/issm/issm/trunk-jpl-working/externalpackages/metis/install/GKlib -I/c/Users/jdq/Repos/issm/issm/trunk-jpl-working/externalpackages/metis/install/include -I/c/Users/jdq/Repos/issm/issm/trunk-jpl-working/MSMPI/include -I/c/Users/jdq/Repos/issm/issm/trunk-jpl-working/externalpackages/parmetis/src/programs/. -DLINUX -D_FILE_OFFSET_BITS=64 -std=c99 -fno-strict-aliasing -fPIC -Wall -pedantic -Wno-unused-but-set-variable -Wno-unused-variable -Wno-unknown-pragmas -DNDEBUG -DNDEBUG2 -DHAVE_GETLINE -O3 -o CMakeFiles/ptest.dir/io.c.o -c /c/Users/jdq/Repos/issm/issm/trunk-jpl-working/externalpackages/parmetis/src/programs/io.c
[ 90%] Linking C executable pometis.exe
cd /c/Users/jdq/Repos/issm/issm/trunk-jpl-working/externalpackages/parmetis/src/build/MSYS_NT-10.0-17763-x86_64/programs && /usr/bin/cmake.exe -E cmake_link_script CMakeFiles/pometis.dir/link.txt --verbose=1
/usr/bin/gcc  -DLINUX -D_FILE_OFFSET_BITS=64 -std=c99 -fno-strict-aliasing -fPIC -Wall -pedantic -Wno-unused-but-set-variable -Wno-unused-variable -Wno-unknown-pragmas -DNDEBUG -DNDEBUG2 -DHAVE_GETLINE -O3 -Wl,--enable-auto-import CMakeFiles/pometis.dir/pometis.c.o CMakeFiles/pometis.dir/io.c.o -o pometis.exe -Wl,--out-implib,libpometis.dll.a -Wl,--major-image-version,0,--minor-image-version,0  ../libparmetis/libparmetis.dll.a -lmetis /c/Windows/System32/msmpi.dll 
[ 92%] Linking C executable mtest.exe
cd /c/Users/jdq/Repos/issm/issm/trunk-jpl-working/externalpackages/parmetis/src/build/MSYS_NT-10.0-17763-x86_64/programs && /usr/bin/cmake.exe -E cmake_link_script CMakeFiles/mtest.dir/link.txt --verbose=1
/usr/bin/gcc  -DLINUX -D_FILE_OFFSET_BITS=64 -std=c99 -fno-strict-aliasing -fPIC -Wall -pedantic -Wno-unused-but-set-variable -Wno-unused-variable -Wno-unknown-pragmas -DNDEBUG -DNDEBUG2 -DHAVE_GETLINE -O3 -Wl,--enable-auto-import CMakeFiles/mtest.dir/mtest.c.o CMakeFiles/mtest.dir/io.c.o -o mtest.exe -Wl,--out-implib,libmtest.dll.a -Wl,--major-image-version,0,--minor-image-version,0  ../libparmetis/libparmetis.dll.a -lmetis /c/Windows/System32/msmpi.dll 
[ 94%] Building C object programs/CMakeFiles/parmetis_prog.dir/adaptgraph.c.o
cd /c/Users/jdq/Repos/issm/issm/trunk-jpl-working/externalpackages/parmetis/src/build/MSYS_NT-10.0-17763-x86_64/programs && /usr/bin/gcc  -I/c/Users/jdq/Repos/issm/issm/trunk-jpl-working/externalpackages/parmetis/src/include -I/c/Users/jdq/Repos/issm/issm/trunk-jpl-working/externalpackages/metis/install/GKlib -I/c/Users/jdq/Repos/issm/issm/trunk-jpl-working/externalpackages/metis/install/include -I/c/Users/jdq/Repos/issm/issm/trunk-jpl-working/MSMPI/include -I/c/Users/jdq/Repos/issm/issm/trunk-jpl-working/externalpackages/parmetis/src/programs/. -DLINUX -D_FILE_OFFSET_BITS=64 -std=c99 -fno-strict-aliasing -fPIC -Wall -pedantic -Wno-unused-but-set-variable -Wno-unused-variable -Wno-unknown-pragmas -DNDEBUG -DNDEBUG2 -DHAVE_GETLINE -O3 -o CMakeFiles/parmetis_prog.dir/adaptgraph.c.o -c /c/Users/jdq/Repos/issm/issm/trunk-jpl-working/externalpackages/parmetis/src/programs/adaptgraph.c
[ 96%] Building C object programs/CMakeFiles/ptest.dir/adaptgraph.c.o
cd /c/Users/jdq/Repos/issm/issm/trunk-jpl-working/externalpackages/parmetis/src/build/MSYS_NT-10.0-17763-x86_64/programs && /usr/bin/gcc  -I/c/Users/jdq/Repos/issm/issm/trunk-jpl-working/externalpackages/parmetis/src/include -I/c/Users/jdq/Repos/issm/issm/trunk-jpl-working/externalpackages/metis/install/GKlib -I/c/Users/jdq/Repos/issm/issm/trunk-jpl-working/externalpackages/metis/install/include -I/c/Users/jdq/Repos/issm/issm/trunk-jpl-working/MSMPI/include -I/c/Users/jdq/Repos/issm/issm/trunk-jpl-working/externalpackages/parmetis/src/programs/. -DLINUX -D_FILE_OFFSET_BITS=64 -std=c99 -fno-strict-aliasing -fPIC -Wall -pedantic -Wno-unused-but-set-variable -Wno-unused-variable -Wno-unknown-pragmas -DNDEBUG -DNDEBUG2 -DHAVE_GETLINE -O3 -o CMakeFiles/ptest.dir/adaptgraph.c.o -c /c/Users/jdq/Repos/issm/issm/trunk-jpl-working/externalpackages/parmetis/src/programs/adaptgraph.c
make[3]: Leaving directory '/c/Users/jdq/Repos/issm/issm/trunk-jpl-working/externalpackages/parmetis/src/build/MSYS_NT-10.0-17763-x86_64'
make[3]: Leaving directory '/c/Users/jdq/Repos/issm/issm/trunk-jpl-working/externalpackages/parmetis/src/build/MSYS_NT-10.0-17763-x86_64'
[ 96%] Built target pometis
[ 96%] Built target mtest
[ 98%] Linking C executable parmetis.exe
cd /c/Users/jdq/Repos/issm/issm/trunk-jpl-working/externalpackages/parmetis/src/build/MSYS_NT-10.0-17763-x86_64/programs && /usr/bin/cmake.exe -E cmake_link_script CMakeFiles/parmetis_prog.dir/link.txt --verbose=1
/usr/bin/gcc  -DLINUX -D_FILE_OFFSET_BITS=64 -std=c99 -fno-strict-aliasing -fPIC -Wall -pedantic -Wno-unused-but-set-variable -Wno-unused-variable -Wno-unknown-pragmas -DNDEBUG -DNDEBUG2 -DHAVE_GETLINE -O3 -Wl,--enable-auto-import CMakeFiles/parmetis_prog.dir/parmetis.c.o CMakeFiles/parmetis_prog.dir/io.c.o CMakeFiles/parmetis_prog.dir/adaptgraph.c.o -o parmetis.exe -Wl,--out-implib,libparmetis.dll.a -Wl,--major-image-version,0,--minor-image-version,0  ../libparmetis/libparmetis.dll.a -lmetis /c/Windows/System32/msmpi.dll 
[100%] Linking C executable ptest.exe
cd /c/Users/jdq/Repos/issm/issm/trunk-jpl-working/externalpackages/parmetis/src/build/MSYS_NT-10.0-17763-x86_64/programs && /usr/bin/cmake.exe -E cmake_link_script CMakeFiles/ptest.dir/link.txt --verbose=1
/usr/bin/gcc  -DLINUX -D_FILE_OFFSET_BITS=64 -std=c99 -fno-strict-aliasing -fPIC -Wall -pedantic -Wno-unused-but-set-variable -Wno-unused-variable -Wno-unknown-pragmas -DNDEBUG -DNDEBUG2 -DHAVE_GETLINE -O3 -Wl,--enable-auto-import CMakeFiles/ptest.dir/ptest.c.o CMakeFiles/ptest.dir/io.c.o CMakeFiles/ptest.dir/adaptgraph.c.o -o ptest.exe -Wl,--out-implib,libptest.dll.a -Wl,--major-image-version,0,--minor-image-version,0  ../libparmetis/libparmetis.dll.a -lmetis /c/Windows/System32/msmpi.dll 
make[3]: Leaving directory '/c/Users/jdq/Repos/issm/issm/trunk-jpl-working/externalpackages/parmetis/src/build/MSYS_NT-10.0-17763-x86_64'
[100%] Built target parmetis_prog
make[3]: Leaving directory '/c/Users/jdq/Repos/issm/issm/trunk-jpl-working/externalpackages/parmetis/src/build/MSYS_NT-10.0-17763-x86_64'
[100%] Built target ptest
make[2]: Leaving directory '/c/Users/jdq/Repos/issm/issm/trunk-jpl-working/externalpackages/parmetis/src/build/MSYS_NT-10.0-17763-x86_64'
/usr/bin/cmake.exe -E cmake_progress_start /c/Users/jdq/Repos/issm/issm/trunk-jpl-working/externalpackages/parmetis/src/build/MSYS_NT-10.0-17763-x86_64/CMakeFiles 0
make[1]: Leaving directory '/c/Users/jdq/Repos/issm/issm/trunk-jpl-working/externalpackages/parmetis/src/build/MSYS_NT-10.0-17763-x86_64'
make[1]: warning: -j4 forced in submake: resetting jobserver mode.
make[1]: Entering directory '/c/Users/jdq/Repos/issm/issm/trunk-jpl-working/externalpackages/parmetis/src/build/MSYS_NT-10.0-17763-x86_64'
/usr/bin/cmake.exe -S/c/Users/jdq/Repos/issm/issm/trunk-jpl-working/externalpackages/parmetis/src -B/c/Users/jdq/Repos/issm/issm/trunk-jpl-working/externalpackages/parmetis/src/build/MSYS_NT-10.0-17763-x86_64 --check-build-system CMakeFiles/Makefile.cmake 0
/usr/bin/cmake.exe -E cmake_progress_start /c/Users/jdq/Repos/issm/issm/trunk-jpl-working/externalpackages/parmetis/src/build/MSYS_NT-10.0-17763-x86_64/CMakeFiles /c/Users/jdq/Repos/issm/issm/trunk-jpl-working/externalpackages/parmetis/src/build/MSYS_NT-10.0-17763-x86_64//CMakeFiles/progress.marks
make  -f CMakeFiles/Makefile2 all
make[2]: Entering directory '/c/Users/jdq/Repos/issm/issm/trunk-jpl-working/externalpackages/parmetis/src/build/MSYS_NT-10.0-17763-x86_64'
make  -f libparmetis/CMakeFiles/parmetis.dir/build.make libparmetis/CMakeFiles/parmetis.dir/depend
make[3]: Entering directory '/c/Users/jdq/Repos/issm/issm/trunk-jpl-working/externalpackages/parmetis/src/build/MSYS_NT-10.0-17763-x86_64'
cd /c/Users/jdq/Repos/issm/issm/trunk-jpl-working/externalpackages/parmetis/src/build/MSYS_NT-10.0-17763-x86_64 && /usr/bin/cmake.exe -E cmake_depends "Unix Makefiles" /c/Users/jdq/Repos/issm/issm/trunk-jpl-working/externalpackages/parmetis/src /c/Users/jdq/Repos/issm/issm/trunk-jpl-working/externalpackages/parmetis/src/libparmetis /c/Users/jdq/Repos/issm/issm/trunk-jpl-working/externalpackages/parmetis/src/build/MSYS_NT-10.0-17763-x86_64 /c/Users/jdq/Repos/issm/issm/trunk-jpl-working/externalpackages/parmetis/src/build/MSYS_NT-10.0-17763-x86_64/libparmetis /c/Users/jdq/Repos/issm/issm/trunk-jpl-working/externalpackages/parmetis/src/build/MSYS_NT-10.0-17763-x86_64/libparmetis/CMakeFiles/parmetis.dir/DependInfo.cmake --color=
make[3]: Leaving directory '/c/Users/jdq/Repos/issm/issm/trunk-jpl-working/externalpackages/parmetis/src/build/MSYS_NT-10.0-17763-x86_64'
make  -f libparmetis/CMakeFiles/parmetis.dir/build.make libparmetis/CMakeFiles/parmetis.dir/build
make[3]: Entering directory '/c/Users/jdq/Repos/issm/issm/trunk-jpl-working/externalpackages/parmetis/src/build/MSYS_NT-10.0-17763-x86_64'
make[3]: Nothing to be done for 'libparmetis/CMakeFiles/parmetis.dir/build'.
make[3]: Leaving directory '/c/Users/jdq/Repos/issm/issm/trunk-jpl-working/externalpackages/parmetis/src/build/MSYS_NT-10.0-17763-x86_64'
[ 74%] Built target parmetis
make  -f programs/CMakeFiles/pometis.dir/build.make programs/CMakeFiles/pometis.dir/depend
make  -f programs/CMakeFiles/parmetis_prog.dir/build.make programs/CMakeFiles/parmetis_prog.dir/depend
make  -f programs/CMakeFiles/mtest.dir/build.make programs/CMakeFiles/mtest.dir/depend
make[3]: Entering directory '/c/Users/jdq/Repos/issm/issm/trunk-jpl-working/externalpackages/parmetis/src/build/MSYS_NT-10.0-17763-x86_64'
cd /c/Users/jdq/Repos/issm/issm/trunk-jpl-working/externalpackages/parmetis/src/build/MSYS_NT-10.0-17763-x86_64 && /usr/bin/cmake.exe -E cmake_depends "Unix Makefiles" /c/Users/jdq/Repos/issm/issm/trunk-jpl-working/externalpackages/parmetis/src /c/Users/jdq/Repos/issm/issm/trunk-jpl-working/externalpackages/parmetis/src/programs /c/Users/jdq/Repos/issm/issm/trunk-jpl-working/externalpackages/parmetis/src/build/MSYS_NT-10.0-17763-x86_64 /c/Users/jdq/Repos/issm/issm/trunk-jpl-working/externalpackages/parmetis/src/build/MSYS_NT-10.0-17763-x86_64/programs /c/Users/jdq/Repos/issm/issm/trunk-jpl-working/externalpackages/parmetis/src/build/MSYS_NT-10.0-17763-x86_64/programs/CMakeFiles/pometis.dir/DependInfo.cmake --color=
make[3]: Entering directory '/c/Users/jdq/Repos/issm/issm/trunk-jpl-working/externalpackages/parmetis/src/build/MSYS_NT-10.0-17763-x86_64'
cd /c/Users/jdq/Repos/issm/issm/trunk-jpl-working/externalpackages/parmetis/src/build/MSYS_NT-10.0-17763-x86_64 && /usr/bin/cmake.exe -E cmake_depends "Unix Makefiles" /c/Users/jdq/Repos/issm/issm/trunk-jpl-working/externalpackages/parmetis/src /c/Users/jdq/Repos/issm/issm/trunk-jpl-working/externalpackages/parmetis/src/programs /c/Users/jdq/Repos/issm/issm/trunk-jpl-working/externalpackages/parmetis/src/build/MSYS_NT-10.0-17763-x86_64 /c/Users/jdq/Repos/issm/issm/trunk-jpl-working/externalpackages/parmetis/src/build/MSYS_NT-10.0-17763-x86_64/programs /c/Users/jdq/Repos/issm/issm/trunk-jpl-working/externalpackages/parmetis/src/build/MSYS_NT-10.0-17763-x86_64/programs/CMakeFiles/parmetis_prog.dir/DependInfo.cmake --color=
make  -f programs/CMakeFiles/ptest.dir/build.make programs/CMakeFiles/ptest.dir/depend
make[3]: Entering directory '/c/Users/jdq/Repos/issm/issm/trunk-jpl-working/externalpackages/parmetis/src/build/MSYS_NT-10.0-17763-x86_64'
cd /c/Users/jdq/Repos/issm/issm/trunk-jpl-working/externalpackages/parmetis/src/build/MSYS_NT-10.0-17763-x86_64 && /usr/bin/cmake.exe -E cmake_depends "Unix Makefiles" /c/Users/jdq/Repos/issm/issm/trunk-jpl-working/externalpackages/parmetis/src /c/Users/jdq/Repos/issm/issm/trunk-jpl-working/externalpackages/parmetis/src/programs /c/Users/jdq/Repos/issm/issm/trunk-jpl-working/externalpackages/parmetis/src/build/MSYS_NT-10.0-17763-x86_64 /c/Users/jdq/Repos/issm/issm/trunk-jpl-working/externalpackages/parmetis/src/build/MSYS_NT-10.0-17763-x86_64/programs /c/Users/jdq/Repos/issm/issm/trunk-jpl-working/externalpackages/parmetis/src/build/MSYS_NT-10.0-17763-x86_64/programs/CMakeFiles/ptest.dir/DependInfo.cmake --color=
make[3]: Entering directory '/c/Users/jdq/Repos/issm/issm/trunk-jpl-working/externalpackages/parmetis/src/build/MSYS_NT-10.0-17763-x86_64'
cd /c/Users/jdq/Repos/issm/issm/trunk-jpl-working/externalpackages/parmetis/src/build/MSYS_NT-10.0-17763-x86_64 && /usr/bin/cmake.exe -E cmake_depends "Unix Makefiles" /c/Users/jdq/Repos/issm/issm/trunk-jpl-working/externalpackages/parmetis/src /c/Users/jdq/Repos/issm/issm/trunk-jpl-working/externalpackages/parmetis/src/programs /c/Users/jdq/Repos/issm/issm/trunk-jpl-working/externalpackages/parmetis/src/build/MSYS_NT-10.0-17763-x86_64 /c/Users/jdq/Repos/issm/issm/trunk-jpl-working/externalpackages/parmetis/src/build/MSYS_NT-10.0-17763-x86_64/programs /c/Users/jdq/Repos/issm/issm/trunk-jpl-working/externalpackages/parmetis/src/build/MSYS_NT-10.0-17763-x86_64/programs/CMakeFiles/mtest.dir/DependInfo.cmake --color=
make[3]: Leaving directory '/c/Users/jdq/Repos/issm/issm/trunk-jpl-working/externalpackages/parmetis/src/build/MSYS_NT-10.0-17763-x86_64'
make[3]: Leaving directory '/c/Users/jdq/Repos/issm/issm/trunk-jpl-working/externalpackages/parmetis/src/build/MSYS_NT-10.0-17763-x86_64'
make  -f programs/CMakeFiles/parmetis_prog.dir/build.make programs/CMakeFiles/parmetis_prog.dir/build
make  -f programs/CMakeFiles/pometis.dir/build.make programs/CMakeFiles/pometis.dir/build
make[3]: Entering directory '/c/Users/jdq/Repos/issm/issm/trunk-jpl-working/externalpackages/parmetis/src/build/MSYS_NT-10.0-17763-x86_64'
make[3]: Nothing to be done for 'programs/CMakeFiles/parmetis_prog.dir/build'.
make[3]: Leaving directory '/c/Users/jdq/Repos/issm/issm/trunk-jpl-working/externalpackages/parmetis/src/build/MSYS_NT-10.0-17763-x86_64'
make[3]: Entering directory '/c/Users/jdq/Repos/issm/issm/trunk-jpl-working/externalpackages/parmetis/src/build/MSYS_NT-10.0-17763-x86_64'
make[3]: Nothing to be done for 'programs/CMakeFiles/pometis.dir/build'.
make[3]: Leaving directory '/c/Users/jdq/Repos/issm/issm/trunk-jpl-working/externalpackages/parmetis/src/build/MSYS_NT-10.0-17763-x86_64'
make[3]: Leaving directory '/c/Users/jdq/Repos/issm/issm/trunk-jpl-working/externalpackages/parmetis/src/build/MSYS_NT-10.0-17763-x86_64'
make[3]: Leaving directory '/c/Users/jdq/Repos/issm/issm/trunk-jpl-working/externalpackages/parmetis/src/build/MSYS_NT-10.0-17763-x86_64'
make  -f programs/CMakeFiles/ptest.dir/build.make programs/CMakeFiles/ptest.dir/build
make  -f programs/CMakeFiles/mtest.dir/build.make programs/CMakeFiles/mtest.dir/build
make[3]: Entering directory '/c/Users/jdq/Repos/issm/issm/trunk-jpl-working/externalpackages/parmetis/src/build/MSYS_NT-10.0-17763-x86_64'
make[3]: Nothing to be done for 'programs/CMakeFiles/ptest.dir/build'.
make[3]: Leaving directory '/c/Users/jdq/Repos/issm/issm/trunk-jpl-working/externalpackages/parmetis/src/build/MSYS_NT-10.0-17763-x86_64'
[ 79%] Built target pometis
[ 87%] Built target parmetis_prog
make[3]: Entering directory '/c/Users/jdq/Repos/issm/issm/trunk-jpl-working/externalpackages/parmetis/src/build/MSYS_NT-10.0-17763-x86_64'
make[3]: Nothing to be done for 'programs/CMakeFiles/mtest.dir/build'.
make[3]: Leaving directory '/c/Users/jdq/Repos/issm/issm/trunk-jpl-working/externalpackages/parmetis/src/build/MSYS_NT-10.0-17763-x86_64'
[ 94%] Built target ptest
[100%] Built target mtest
make[2]: Leaving directory '/c/Users/jdq/Repos/issm/issm/trunk-jpl-working/externalpackages/parmetis/src/build/MSYS_NT-10.0-17763-x86_64'
/usr/bin/cmake.exe -E cmake_progress_start /c/Users/jdq/Repos/issm/issm/trunk-jpl-working/externalpackages/parmetis/src/build/MSYS_NT-10.0-17763-x86_64/CMakeFiles 0
make  -f CMakeFiles/Makefile2 preinstall
make[2]: Entering directory '/c/Users/jdq/Repos/issm/issm/trunk-jpl-working/externalpackages/parmetis/src/build/MSYS_NT-10.0-17763-x86_64'
make[2]: Nothing to be done for 'preinstall'.
make[2]: Leaving directory '/c/Users/jdq/Repos/issm/issm/trunk-jpl-working/externalpackages/parmetis/src/build/MSYS_NT-10.0-17763-x86_64'
Install the project...
/usr/bin/cmake.exe -P cmake_install.cmake
-- Install configuration: ""
-- Installing: /c/Users/jdq/Repos/issm/issm/trunk-jpl-working/externalpackages/parmetis/install/include/parmetis.h
-- Installing: /c/Users/jdq/Repos/issm/issm/trunk-jpl-working/externalpackages/parmetis/install/lib/libparmetis.dll.a
-- Installing: /c/Users/jdq/Repos/issm/issm/trunk-jpl-working/externalpackages/parmetis/install/lib/msys-parmetis.dll
-- Installing: /c/Users/jdq/Repos/issm/issm/trunk-jpl-working/externalpackages/parmetis/install/bin/ptest.exe
-- Installing: /c/Users/jdq/Repos/issm/issm/trunk-jpl-working/externalpackages/parmetis/install/bin/mtest.exe
-- Installing: /c/Users/jdq/Repos/issm/issm/trunk-jpl-working/externalpackages/parmetis/install/bin/parmetis.exe
-- Installing: /c/Users/jdq/Repos/issm/issm/trunk-jpl-working/externalpackages/parmetis/install/bin/pometis.exe
make[1]: Leaving directory '/c/Users/jdq/Repos/issm/issm/trunk-jpl-working/externalpackages/parmetis/src/build/MSYS_NT-10.0-17763-x86_64'
